TN:
SF:src/index.ts
FN:3,nca
FNF:1
FNH:1
FNDA:161,nca
DA:1,161
DA:4,161
DA:5,161
DA:8,161
LF:4
LH:4
BRF:0
BRH:0
end_of_record
TN:
SF:src/command/alias-command.ts
FN:10,(anonymous_0)
FN:14,(anonymous_1)
FN:18,(anonymous_2)
FNF:3
FNH:3
FNDA:161,(anonymous_0)
FNDA:161,(anonymous_1)
FNDA:161,(anonymous_2)
DA:1,161
DA:2,161
DA:3,161
DA:4,161
DA:5,161
DA:6,161
DA:8,161
DA:11,161
DA:15,161
DA:19,161
LF:10
LH:10
BRF:0
BRH:0
end_of_record
TN:
SF:src/command/built-in-commands.ts
FN:7,(anonymous_0)
FNF:1
FNH:1
FNDA:161,(anonymous_0)
DA:2,161
DA:3,161
DA:5,161
DA:8,161
LF:4
LH:4
BRF:0
BRH:0
end_of_record
TN:
SF:src/command/config-command.ts
FN:6,(anonymous_0)
FN:10,(anonymous_1)
FN:14,(anonymous_2)
FNF:3
FNH:3
FNDA:161,(anonymous_0)
FNDA:161,(anonymous_1)
FNDA:161,(anonymous_2)
DA:1,161
DA:2,161
DA:4,161
DA:7,161
DA:11,161
DA:15,161
LF:6
LH:6
BRF:0
BRH:0
end_of_record
TN:
SF:src/command/alias/add-alias-command.ts
FN:19,(anonymous_1)
FN:23,(anonymous_2)
FN:27,(anonymous_3)
FN:37,(anonymous_4)
FN:53,(anonymous_5)
FN:63,(anonymous_6)
FN:73,(anonymous_7)
FN:74,(anonymous_8)
FN:77,(anonymous_9)
FN:101,(anonymous_10)
FN:109,(anonymous_11)
FNF:11
FNH:11
FNDA:161,(anonymous_1)
FNDA:161,(anonymous_2)
FNDA:322,(anonymous_3)
FNDA:29,(anonymous_4)
FNDA:29,(anonymous_5)
FNDA:29,(anonymous_6)
FNDA:29,(anonymous_7)
FNDA:29,(anonymous_8)
FNDA:29,(anonymous_9)
FNDA:29,(anonymous_10)
FNDA:29,(anonymous_11)
DA:1,161
DA:3,161
DA:5,161
DA:7,161
DA:8,161
DA:9,161
DA:10,161
DA:11,161
DA:12,161
DA:13,161
DA:14,161
DA:15,161
DA:17,161
DA:20,161
DA:24,161
DA:28,322
DA:34,322
DA:38,29
DA:41,29
DA:43,29
DA:45,29
DA:48,29
DA:50,29
DA:54,29
DA:56,29
DA:58,29
DA:60,29
DA:64,29
DA:65,10
DA:68,29
DA:69,0
DA:74,29
DA:78,29
DA:79,29
DA:102,29
DA:104,29
DA:106,29
DA:110,29
DA:111,29
DA:113,29
DA:114,29
DA:115,29
LF:42
LH:41
BRDA:64,0,0,10
BRDA:64,0,1,19
BRDA:64,1,0,29
BRDA:64,1,1,29
BRDA:68,2,0,0
BRDA:68,2,1,29
BRF:6
BRH:5
end_of_record
TN:
SF:src/command/alias/completion-alias-command.ts
FN:12,(anonymous_0)
FN:16,(anonymous_1)
FN:20,(anonymous_2)
FN:30,(anonymous_3)
FN:47,(anonymous_4)
FNF:5
FNH:5
FNDA:161,(anonymous_0)
FNDA:161,(anonymous_1)
FNDA:322,(anonymous_2)
FNDA:3,(anonymous_3)
FNDA:3,(anonymous_4)
DA:3,161
DA:5,161
DA:6,161
DA:7,161
DA:8,161
DA:10,161
DA:13,161
DA:17,161
DA:21,322
DA:27,322
DA:31,3
DA:33,3
DA:34,3
DA:36,3
DA:37,0
DA:41,3
DA:43,3
DA:44,3
DA:48,3
DA:49,3
DA:50,3
LF:21
LH:20
BRDA:36,0,0,0
BRDA:36,0,1,3
BRF:2
BRH:1
end_of_record
TN:
SF:src/command/alias/delete-alias-command.ts
FN:13,(anonymous_0)
FN:17,(anonymous_1)
FN:21,(anonymous_2)
FN:31,(anonymous_3)
FN:38,(anonymous_4)
FNF:5
FNH:5
FNDA:161,(anonymous_0)
FNDA:161,(anonymous_1)
FNDA:322,(anonymous_2)
FNDA:29,(anonymous_3)
FNDA:29,(anonymous_4)
DA:3,161
DA:5,161
DA:6,161
DA:7,161
DA:8,161
DA:9,161
DA:11,161
DA:14,161
DA:18,161
DA:22,322
DA:28,322
DA:32,29
DA:34,29
DA:36,29
DA:38,29
DA:39,29
DA:41,29
DA:42,29
DA:44,0
DA:48,29
DA:49,29
DA:50,0
DA:52,29
DA:56,29
DA:58,29
LF:25
LH:23
BRDA:41,0,0,29
BRDA:41,0,1,0
BRDA:49,1,0,0
BRDA:49,1,1,29
BRF:4
BRH:2
end_of_record
TN:
SF:src/command/alias/list-alias-command.ts
FN:12,(anonymous_0)
FN:16,(anonymous_1)
FN:20,(anonymous_2)
FN:38,(anonymous_3)
FN:59,(anonymous_4)
FN:65,(anonymous_5)
FN:66,(anonymous_6)
FNF:7
FNH:3
FNDA:161,(anonymous_0)
FNDA:161,(anonymous_1)
FNDA:161,(anonymous_2)
FNDA:0,(anonymous_3)
FNDA:0,(anonymous_4)
FNDA:0,(anonymous_5)
FNDA:0,(anonymous_6)
DA:3,161
DA:5,161
DA:6,161
DA:7,161
DA:8,161
DA:10,161
DA:13,161
DA:17,161
DA:21,161
DA:28,161
DA:35,161
DA:39,0
DA:40,0
DA:42,0
DA:45,0
DA:46,0
DA:48,0
DA:51,0
DA:52,0
DA:53,0
DA:56,0
DA:58,0
DA:59,0
DA:61,0
DA:66,0
DA:67,0
DA:68,0
LF:27
LH:11
BRDA:45,0,0,0
BRDA:45,0,1,0
BRDA:45,1,0,0
BRDA:45,1,1,0
BRDA:51,2,0,0
BRDA:51,2,1,0
BRDA:58,3,0,0
BRDA:58,3,1,0
BRDA:58,4,0,0
BRDA:58,4,1,0
BRDA:67,5,0,0
BRDA:67,5,1,0
BRDA:67,6,0,0
BRDA:67,6,1,0
BRF:14
BRH:0
end_of_record
TN:
SF:src/command/alias/rename-alias-command.ts
FN:12,(anonymous_0)
FN:16,(anonymous_1)
FN:20,(anonymous_2)
FN:36,(anonymous_3)
FN:47,(anonymous_4)
FNF:5
FNH:5
FNDA:161,(anonymous_0)
FNDA:161,(anonymous_1)
FNDA:322,(anonymous_2)
FNDA:13,(anonymous_3)
FNDA:13,(anonymous_4)
DA:3,161
DA:5,161
DA:6,161
DA:7,161
DA:8,161
DA:10,161
DA:13,161
DA:17,161
DA:21,322
DA:27,322
DA:33,322
DA:37,13
DA:38,13
DA:40,13
DA:42,13
DA:44,13
DA:48,13
DA:50,13
DA:52,13
LF:19
LH:19
BRF:0
BRH:0
end_of_record
TN:
SF:src/command/handler/function-command-handler.ts
FN:11,(anonymous_0)
FN:16,(anonymous_1)
FN:20,(anonymous_2)
FNF:3
FNH:2
FNDA:43,(anonymous_0)
FNDA:0,(anonymous_1)
FNDA:43,(anonymous_2)
DA:1,161
DA:6,161
DA:12,43
DA:13,43
DA:17,0
DA:21,43
DA:26,43
LF:7
LH:6
BRF:0
BRH:0
end_of_record
TN:
SF:src/command/handler/module-command-handler.ts
FN:11,(anonymous_6)
FN:16,(anonymous_7)
FN:20,(anonymous_8)
FN:23,(anonymous_9)
FN:24,(anonymous_10)
FN:25,(anonymous_11)
FNF:6
FNH:5
FNDA:6,(anonymous_6)
FNDA:0,(anonymous_7)
FNDA:6,(anonymous_8)
FNDA:6,(anonymous_9)
FNDA:6,(anonymous_10)
FNDA:1,(anonymous_11)
DA:2,161
DA:6,161
DA:12,6
DA:13,6
DA:17,0
DA:23,6
DA:24,6
DA:26,1
DA:27,1
LF:9
LH:8
BRF:0
BRH:0
end_of_record
TN:
SF:src/command/handler/simple-command-handler.ts
FN:9,(anonymous_1)
FN:13,(anonymous_2)
FN:17,(anonymous_3)
FNF:3
FNH:2
FNDA:2,(anonymous_1)
FNDA:0,(anonymous_2)
FNDA:2,(anonymous_3)
DA:1,161
DA:3,161
DA:5,161
DA:10,2
DA:14,0
DA:18,2
LF:6
LH:5
BRF:0
BRH:0
end_of_record
TN:
SF:src/command/path/add-path-command.ts
FN:15,(anonymous_0)
FN:19,(anonymous_1)
FN:23,(anonymous_2)
FN:33,(anonymous_3)
FN:44,(anonymous_4)
FNF:5
FNH:4
FNDA:161,(anonymous_0)
FNDA:161,(anonymous_1)
FNDA:322,(anonymous_2)
FNDA:161,(anonymous_3)
FNDA:0,(anonymous_4)
DA:3,161
DA:5,161
DA:6,161
DA:7,161
DA:9,161
DA:10,161
DA:11,161
DA:13,161
DA:16,161
DA:20,161
DA:24,322
DA:30,322
DA:34,161
DA:41,161
DA:45,0
DA:46,0
DA:48,0
DA:49,0
DA:51,0
DA:52,0
DA:53,0
DA:56,0
DA:57,0
DA:59,0
DA:62,0
LF:25
LH:14
BRDA:51,0,0,0
BRDA:51,0,1,0
BRDA:51,1,0,0
BRDA:51,1,1,0
BRDA:51,2,0,0
BRDA:51,2,1,0
BRDA:56,3,0,0
BRDA:56,3,1,0
BRF:8
BRH:0
end_of_record
TN:
SF:src/command/path/delete-path-command.ts
FN:16,(anonymous_0)
FN:20,(anonymous_1)
FN:24,(anonymous_2)
FN:34,(anonymous_3)
FN:45,(anonymous_4)
FNF:5
FNH:4
FNDA:161,(anonymous_0)
FNDA:161,(anonymous_1)
FNDA:322,(anonymous_2)
FNDA:161,(anonymous_3)
FNDA:0,(anonymous_4)
DA:3,161
DA:5,161
DA:6,161
DA:7,161
DA:8,161
DA:10,161
DA:11,161
DA:12,161
DA:14,161
DA:17,161
DA:21,161
DA:25,322
DA:31,322
DA:35,161
DA:42,161
DA:46,0
DA:47,0
DA:49,0
DA:50,0
DA:52,0
DA:53,0
LF:21
LH:15
BRDA:52,0,0,0
BRDA:52,0,1,0
BRDA:52,1,0,0
BRDA:52,1,1,0
BRF:4
BRH:0
end_of_record
TN:
SF:src/command/path/path-command.ts
FN:7,(anonymous_0)
FN:11,(anonymous_1)
FN:15,(anonymous_2)
FNF:3
FNH:3
FNDA:161,(anonymous_0)
FNDA:161,(anonymous_1)
FNDA:161,(anonymous_2)
DA:1,161
DA:2,161
DA:3,161
DA:5,161
DA:8,161
DA:12,161
DA:16,161
LF:7
LH:7
BRF:0
BRH:0
end_of_record
TN:
SF:src/config/nca-config.ts
FN:7,(anonymous_1)
FN:10,(anonymous_2)
FN:14,(anonymous_3)
FN:18,(anonymous_4)
FN:22,(anonymous_5)
FN:26,(anonymous_6)
FN:30,(anonymous_7)
FN:34,(anonymous_8)
FN:38,(anonymous_9)
FN:42,(anonymous_10)
FNF:10
FNH:8
FNDA:483,(anonymous_1)
FNDA:0,(anonymous_2)
FNDA:0,(anonymous_3)
FNDA:324,(anonymous_4)
FNDA:13,(anonymous_5)
FNDA:829,(anonymous_6)
FNDA:87,(anonymous_7)
FNDA:74,(anonymous_8)
FNDA:261,(anonymous_9)
FNDA:1,(anonymous_10)
DA:1,163
DA:2,163
DA:3,163
DA:5,163
DA:8,483
DA:9,483
DA:10,0
DA:15,0
DA:19,324
DA:23,13
DA:27,829
DA:31,87
DA:35,74
DA:39,261
DA:43,1
LF:15
LH:13
BRF:0
BRH:0
end_of_record
TN:
SF:src/exception/error-handler.ts
FN:5,(anonymous_0)
FNF:1
FNH:1
FNDA:161,(anonymous_0)
DA:1,161
DA:3,161
DA:6,161
DA:7,161
DA:9,0
DA:10,0
DA:11,0
DA:12,0
DA:15,0
LF:9
LH:4
BRDA:9,0,0,0
BRDA:9,0,1,0
BRDA:11,1,0,0
BRDA:11,1,1,0
BRF:4
BRH:0
end_of_record
TN:
SF:src/loader/command-loader.ts
FN:12,(anonymous_0)
FN:16,(anonymous_1)
FN:17,(anonymous_2)
FN:18,(anonymous_3)
FN:22,(anonymous_4)
FN:23,(anonymous_5)
FNF:6
FNH:6
FNDA:161,(anonymous_0)
FNDA:8855,(anonymous_1)
FNDA:3059,(anonymous_2)
FNDA:3059,(anonymous_3)
FNDA:322,(anonymous_4)
FNDA:322,(anonymous_5)
DA:2,161
DA:3,161
DA:4,161
DA:5,161
DA:6,161
DA:7,161
DA:10,161
DA:13,161
DA:14,161
DA:16,8855
DA:17,3059
DA:18,3059
DA:20,161
DA:21,161
DA:22,322
DA:23,322
DA:25,161
LF:17
LH:17
BRF:0
BRH:0
end_of_record
TN:
SF:src/loader/config-loader.ts
FN:18,(anonymous_1)
FN:22,(anonymous_2)
FN:29,(anonymous_3)
FN:35,(anonymous_4)
FN:39,(anonymous_5)
FN:40,(anonymous_6)
FN:43,(anonymous_7)
FN:44,(anonymous_8)
FN:45,(anonymous_9)
FN:46,(anonymous_10)
FN:49,(anonymous_11)
FN:58,(anonymous_12)
FN:65,(anonymous_13)
FN:66,(anonymous_14)
FN:67,(anonymous_15)
FN:68,(anonymous_16)
FN:72,(anonymous_17)
FN:77,(anonymous_18)
FN:86,(anonymous_19)
FNF:19
FNH:19
FNDA:161,(anonymous_1)
FNDA:2576,(anonymous_2)
FNDA:483,(anonymous_3)
FNDA:322,(anonymous_4)
FNDA:181447,(anonymous_5)
FNDA:4347,(anonymous_6)
FNDA:181447,(anonymous_7)
FNDA:177100,(anonymous_8)
FNDA:2415,(anonymous_9)
FNDA:2415,(anonymous_10)
FNDA:2576,(anonymous_11)
FNDA:3059,(anonymous_12)
FNDA:322,(anonymous_13)
FNDA:322,(anonymous_14)
FNDA:322,(anonymous_15)
FNDA:322,(anonymous_16)
FNDA:322,(anonymous_17)
FNDA:2576,(anonymous_18)
FNDA:2576,(anonymous_19)
DA:1,161
DA:2,161
DA:3,161
DA:4,161
DA:7,161
DA:8,161
DA:9,161
DA:10,161
DA:11,161
DA:12,161
DA:16,161
DA:19,161
DA:21,161
DA:22,2576
DA:24,161
DA:26,161
DA:30,483
DA:36,322
DA:38,322
DA:39,181447
DA:40,4347
DA:42,322
DA:43,181447
DA:44,177100
DA:45,2415
DA:46,2415
DA:50,2576
DA:51,2576
DA:52,0
DA:55,2576
DA:57,2576
DA:58,3059
DA:60,2576
DA:61,2415
DA:64,161
DA:65,322
DA:66,322
DA:67,322
DA:69,322
DA:70,322
DA:72,322
DA:74,161
DA:78,2576
DA:79,2576
DA:81,0
DA:82,0
DA:87,2576
DA:88,0
DA:91,2576
DA:92,2576
DA:93,2576
DA:95,0
DA:96,0
LF:53
LH:47
BRDA:22,0,0,2415
BRDA:22,0,1,161
BRDA:22,1,0,2576
BRDA:22,1,1,2576
BRDA:30,2,0,322
BRDA:30,2,1,161
BRDA:51,3,0,0
BRDA:51,3,1,2576
BRDA:58,4,0,161
BRDA:58,4,1,2415
BRDA:58,5,0,2576
BRDA:58,5,1,2576
BRDA:60,6,0,2415
BRDA:60,6,1,161
BRDA:78,7,0,2576
BRDA:78,7,1,0
BRDA:87,8,0,0
BRDA:87,8,1,2576
BRDA:93,9,0,2576
BRDA:93,9,1,0
BRDA:93,10,0,2576
BRDA:93,10,1,2576
BRF:22
BRH:18
end_of_record
TN:
SF:src/loader/package-json-loader.ts
FN:12,(anonymous_1)
FN:21,(anonymous_2)
FN:25,(anonymous_3)
FN:28,(anonymous_4)
FN:35,(anonymous_5)
FN:42,(anonymous_6)
FN:46,(anonymous_7)
FN:50,(anonymous_8)
FN:57,(anonymous_9)
FN:73,(anonymous_10)
FN:77,(anonymous_11)
FNF:11
FNH:9
FNDA:74,(anonymous_1)
FNDA:200,(anonymous_2)
FNDA:0,(anonymous_3)
FNDA:0,(anonymous_4)
FNDA:29,(anonymous_5)
FNDA:58,(anonymous_6)
FNDA:42,(anonymous_7)
FNDA:29,(anonymous_8)
FNDA:13,(anonymous_9)
FNDA:29,(anonymous_10)
FNDA:71,(anonymous_11)
DA:1,161
DA:2,161
DA:3,161
DA:4,161
DA:5,161
DA:7,161
DA:13,74
DA:14,74
DA:15,73
DA:17,1
DA:22,200
DA:26,0
DA:27,0
DA:29,0
DA:30,0
DA:36,29
DA:37,29
DA:43,58
DA:47,42
DA:51,29
DA:53,29
DA:54,29
DA:58,13
DA:59,13
DA:60,0
DA:62,13
DA:64,13
DA:65,13
DA:66,13
DA:67,0
DA:70,13
DA:74,29
DA:78,71
LF:33
LH:27
BRDA:12,0,0,74
BRDA:14,1,0,73
BRDA:14,1,1,1
BRDA:30,2,0,0
BRDA:30,2,1,0
BRDA:37,3,0,29
BRDA:37,3,1,0
BRDA:59,4,0,0
BRDA:59,4,1,13
BRDA:66,5,0,0
BRDA:66,5,1,13
BRF:11
BRH:6
end_of_record
TN:
SF:src/loader/yargs-loader.ts
FN:8,(anonymous_1)
FN:9,(anonymous_2)
FN:26,(anonymous_3)
FNF:3
FNH:3
FNDA:161,(anonymous_1)
FNDA:161,(anonymous_2)
FNDA:161,(anonymous_3)
DA:1,161
DA:2,161
DA:3,161
DA:4,161
DA:6,161
DA:9,161
DA:10,161
DA:11,161
DA:13,161
DA:14,161
DA:16,161
DA:29,161
DA:31,161
DA:35,29
DA:38,132
LF:15
LH:15
BRDA:31,0,0,29
BRDA:31,0,1,132
BRDA:31,1,0,161
BRDA:31,1,1,125
BRDA:31,1,2,74
BRF:5
BRH:5
end_of_record
TN:
SF:src/mapper/completion-loader.ts
FN:28,(anonymous_0)
FN:42,(anonymous_1)
FN:45,(anonymous_2)
FN:52,(anonymous_3)
FN:53,(anonymous_4)
FN:56,(anonymous_5)
FN:80,(anonymous_6)
FN:87,(anonymous_7)
FN:88,(anonymous_8)
FN:91,(anonymous_9)
FN:96,(anonymous_10)
FN:98,(anonymous_11)
FN:104,(anonymous_12)
FN:111,(anonymous_13)
FN:129,(anonymous_14)
FN:137,(anonymous_15)
FNF:16
FNH:15
FNDA:26,(anonymous_0)
FNDA:161,(anonymous_1)
FNDA:26,(anonymous_2)
FNDA:26,(anonymous_3)
FNDA:13,(anonymous_4)
FNDA:0,(anonymous_5)
FNDA:13,(anonymous_6)
FNDA:23,(anonymous_7)
FNDA:23,(anonymous_8)
FNDA:20,(anonymous_9)
FNDA:20,(anonymous_10)
FNDA:128,(anonymous_11)
FNDA:13,(anonymous_12)
FNDA:13,(anonymous_13)
FNDA:6,(anonymous_14)
FNDA:6,(anonymous_15)
DA:4,161
DA:5,161
DA:6,161
DA:7,161
DA:8,161
DA:9,161
DA:20,161
DA:35,26
DA:36,26
DA:37,26
DA:38,26
DA:39,26
DA:43,161
DA:47,26
DA:53,26
DA:55,13
DA:56,0
DA:67,13
DA:69,13
DA:71,13
DA:75,13
DA:76,13
DA:81,13
DA:86,13
DA:87,23
DA:88,23
DA:91,20
DA:93,13
DA:97,20
DA:98,128
DA:100,20
DA:101,20
DA:105,13
DA:106,13
DA:114,13
DA:116,13
DA:117,7
DA:120,6
DA:124,6
DA:132,6
DA:138,6
DA:139,6
DA:140,3
DA:144,3
DA:145,3
LF:45
LH:44
BRDA:75,0,0,3
BRDA:75,0,1,10
BRDA:75,1,0,13
BRDA:75,1,1,10
BRDA:93,2,0,10
BRDA:93,2,1,3
BRDA:93,3,0,13
BRDA:93,3,1,13
BRDA:97,4,0,2
BRDA:97,4,1,18
BRDA:97,5,0,20
BRDA:97,5,1,20
BRDA:100,6,0,3
BRDA:100,6,1,17
BRDA:100,7,0,20
BRDA:100,7,1,20
BRDA:105,8,0,7
BRDA:105,8,1,6
BRDA:105,9,0,13
BRDA:105,9,1,13
BRDA:105,10,0,3
BRDA:105,10,1,10
BRDA:105,11,0,13
BRDA:105,11,1,10
BRDA:106,12,0,3
BRDA:106,12,1,10
BRDA:116,13,0,7
BRDA:116,13,1,6
BRDA:124,14,0,1
BRDA:124,14,1,5
BRDA:139,15,0,3
BRDA:139,15,1,3
BRF:32
BRH:32
end_of_record
TN:
SF:src/mapper/nca-command-mapper.ts
FN:13,(anonymous_0)
FN:17,(anonymous_1)
FN:24,(anonymous_2)
FN:25,(anonymous_3)
FN:29,(anonymous_4)
FN:34,(anonymous_5)
FN:37,(anonymous_6)
FN:49,(anonymous_7)
FN:53,(anonymous_8)
FNF:9
FNH:9
FNDA:3059,(anonymous_0)
FNDA:3187,(anonymous_1)
FNDA:132,(anonymous_2)
FNDA:51,(anonymous_3)
FNDA:3187,(anonymous_4)
FNDA:1478,(anonymous_5)
FNDA:132,(anonymous_6)
FNDA:132,(anonymous_7)
FNDA:128,(anonymous_8)
DA:4,161
DA:5,161
DA:6,161
DA:7,161
DA:9,161
DA:11,161
DA:14,3059
DA:20,3187
DA:21,3187
DA:24,132
DA:25,51
DA:32,3187
DA:33,3187
DA:34,1478
DA:40,132
DA:42,132
DA:44,132
DA:46,132
DA:53,132
DA:54,128
LF:20
LH:20
BRDA:23,0,0,3187
BRDA:23,0,1,0
BRDA:23,1,0,3187
BRDA:23,1,1,3187
BRDA:32,2,0,1416
BRDA:32,2,1,1771
BRDA:32,3,0,3187
BRDA:32,3,1,3187
BRDA:53,4,0,68
BRDA:53,4,1,64
BRDA:53,5,0,132
BRDA:53,5,1,132
BRF:12
BRH:11
end_of_record
TN:
SF:src/mapper/nca-command-module-mapper.ts
FN:10,(anonymous_0)
FN:14,(anonymous_1)
FN:15,(anonymous_2)
FN:19,(anonymous_3)
FN:27,(anonymous_4)
FNF:5
FNH:5
FNDA:692,(anonymous_0)
FNDA:148,(anonymous_1)
FNDA:74,(anonymous_2)
FNDA:148,(anonymous_3)
FNDA:370,(anonymous_4)
DA:4,161
DA:5,161
DA:6,161
DA:8,161
DA:11,692
DA:14,148
DA:15,74
DA:23,148
DA:25,148
DA:27,370
DA:29,148
LF:11
LH:11
BRF:0
BRH:0
end_of_record
TN:
SF:src/mapper/option-builder.ts
FN:7,(anonymous_0)
FN:8,(anonymous_1)
FN:11,(anonymous_2)
FNF:3
FNH:3
FNDA:280,(anonymous_0)
FNDA:186,(anonymous_1)
FNDA:186,(anonymous_2)
DA:5,161
DA:8,280
DA:12,186
LF:3
LH:3
BRDA:8,0,0,16
BRDA:8,0,1,264
BRDA:8,1,0,280
BRDA:8,1,1,280
BRF:4
BRH:4
end_of_record
TN:
SF:src/mapper/positional-argument-builder.ts
FN:9,(anonymous_0)
FN:10,(anonymous_1)
FN:15,(anonymous_2)
FNF:3
FNH:3
FNDA:280,(anonymous_0)
FNDA:369,(anonymous_1)
FNDA:369,(anonymous_2)
DA:3,161
DA:4,161
DA:7,161
DA:10,280
DA:11,369
DA:18,369
LF:6
LH:6
BRDA:10,0,0,0
BRDA:10,0,1,280
BRDA:10,1,0,280
BRDA:10,1,1,280
BRF:4
BRH:3
end_of_record
TN:
SF:src/mapper/yargs-handler-builder.ts
FN:15,(anonymous_0)
FN:28,(anonymous_1)
FNF:2
FNH:2
FNDA:51,(anonymous_0)
FNDA:51,(anonymous_1)
DA:3,161
DA:4,161
DA:6,161
DA:7,161
DA:8,161
DA:9,161
DA:11,161
DA:13,161
DA:16,51
DA:17,0
DA:20,51
DA:21,51
DA:22,51
DA:24,0
DA:32,51
DA:33,51
DA:35,51
DA:37,2
DA:39,43
DA:40,43
DA:43,6
DA:44,6
DA:45,6
DA:48,0
LF:24
LH:21
BRDA:16,0,0,0
BRDA:16,0,1,51
BRDA:21,1,0,51
BRDA:21,1,1,0
BRDA:32,2,0,49
BRDA:32,2,1,2
BRDA:32,3,0,51
BRDA:32,3,1,51
BRDA:33,4,0,51
BRDA:33,4,1,0
BRDA:33,5,0,51
BRDA:33,5,1,51
BRDA:35,6,0,2
BRDA:35,6,1,43
BRDA:35,6,2,6
BRDA:35,6,3,0
BRF:16
BRH:12
end_of_record
TN:
SF:src/model/api/command-type.ts
FN:1,(anonymous_0)
FNF:1
FNH:1
FNDA:162,(anonymous_0)
DA:1,162
DA:5,162
DA:9,162
DA:13,162
LF:4
LH:4
BRDA:1,0,0,162
BRDA:1,0,1,162
BRF:2
BRH:2
end_of_record
TN:
SF:src/model/api/option-param-type.ts
FN:1,(anonymous_0)
FNF:1
FNH:1
FNDA:162,(anonymous_0)
DA:1,162
DA:2,162
DA:3,162
DA:4,162
LF:4
LH:4
BRDA:1,0,0,162
BRDA:1,0,1,162
BRF:2
BRH:2
end_of_record
TN:
SF:src/model/api/positional-argument-type.ts
FN:3,(anonymous_0)
FN:33,(anonymous_1)
FN:34,isListType
FN:43,toYargsType
FN:62,compare
FNF:5
FNH:5
FNDA:162,(anonymous_0)
FNDA:162,(anonymous_1)
FNDA:11651,isListType
FNDA:369,toYargsType
FNDA:1478,compare
DA:3,162
DA:7,162
DA:11,162
DA:15,162
DA:20,162
DA:25,162
DA:30,162
DA:33,162
DA:34,162
DA:35,11651
DA:36,11651
DA:43,162
DA:44,369
DA:47,2
DA:50,2
DA:53,365
DA:55,0
DA:62,162
DA:63,1478
DA:64,128
DA:65,1350
DA:66,933
DA:67,417
DA:68,256
DA:70,161
LF:25
LH:24
BRDA:3,0,0,162
BRDA:3,0,1,162
BRDA:36,1,0,11651
BRDA:36,1,1,11651
BRDA:36,1,2,11651
BRDA:44,2,0,2
BRDA:44,2,1,2
BRDA:44,2,2,2
BRDA:44,2,3,2
BRDA:44,2,4,192
BRDA:44,2,5,365
BRDA:44,2,6,0
BRDA:63,3,0,128
BRDA:63,3,1,1350
BRDA:65,4,0,933
BRDA:65,4,1,417
BRDA:67,5,0,256
BRDA:67,5,1,161
BRDA:33,6,0,162
BRDA:33,6,1,0
BRF:20
BRH:18
end_of_record
TN:
SF:src/model/input/cli-utils.ts
FN:14,(anonymous_1)
FN:22,(anonymous_2)
FN:31,(anonymous_3)
FN:40,(anonymous_4)
FNF:4
FNH:2
FNDA:3,(anonymous_1)
FNDA:1,(anonymous_2)
FNDA:0,(anonymous_3)
FNDA:0,(anonymous_4)
DA:1,161
DA:2,161
DA:3,161
DA:9,161
DA:15,3
DA:23,1
DA:32,0
DA:41,0
LF:8
LH:6
BRF:0
BRH:0
end_of_record
TN:
SF:src/model/input/command-handler-input.ts
FN:17,(anonymous_6)
FN:26,(anonymous_7)
FN:33,(anonymous_8)
FN:37,(anonymous_9)
FNF:4
FNH:4
FNDA:49,(anonymous_6)
FNDA:218,(anonymous_7)
FNDA:4,(anonymous_8)
FNDA:2,(anonymous_9)
DA:2,161
DA:3,161
DA:12,161
DA:18,49
DA:19,49
DA:20,49
DA:27,218
DA:34,4
DA:38,2
LF:9
LH:9
BRF:0
BRH:0
end_of_record
TN:
SF:src/model/input/completion-input.ts
FN:18,(anonymous_0)
FN:36,(anonymous_1)
FN:43,(anonymous_2)
FN:50,(anonymous_3)
FN:57,(anonymous_4)
FN:64,(anonymous_5)
FN:71,(anonymous_6)
FNF:7
FNH:4
FNDA:13,(anonymous_0)
FNDA:0,(anonymous_1)
FNDA:3,(anonymous_2)
FNDA:0,(anonymous_3)
FNDA:13,(anonymous_4)
FNDA:6,(anonymous_5)
FNDA:0,(anonymous_6)
DA:2,161
DA:10,161
DA:25,13
DA:26,13
DA:27,13
DA:28,13
DA:29,13
DA:30,13
DA:37,0
DA:44,3
DA:51,0
DA:58,13
DA:65,6
DA:72,0
LF:14
LH:11
BRDA:28,0,0,13
BRDA:28,0,1,0
BRDA:28,1,0,13
BRDA:28,1,1,13
BRF:4
BRH:3
end_of_record
TN:
SF:src/model/internal/nca-command-module.ts
FN:15,(anonymous_0)
FN:23,(anonymous_1)
FN:33,(anonymous_2)
FN:37,(anonymous_3)
FN:41,(anonymous_4)
FN:45,(anonymous_5)
FN:49,(anonymous_6)
FN:53,(anonymous_7)
FNF:8
FNH:7
FNDA:1610,(anonymous_0)
FNDA:0,(anonymous_1)
FNDA:692,(anonymous_2)
FNDA:692,(anonymous_3)
FNDA:148,(anonymous_4)
FNDA:148,(anonymous_5)
FNDA:148,(anonymous_6)
FNDA:74,(anonymous_7)
DA:6,161
DA:25,1610
DA:26,1610
DA:27,1610
DA:28,1610
DA:29,1610
DA:30,1610
DA:34,692
DA:38,692
DA:42,148
DA:46,148
DA:50,148
DA:54,74
LF:13
LH:13
BRDA:18,0,0,0
BRDA:19,1,0,0
BRDA:20,2,0,0
BRDA:23,3,0,0
BRF:4
BRH:0
end_of_record
TN:
SF:src/model/internal/nca-command-template.ts
FN:9,(anonymous_0)
FN:15,(anonymous_1)
FN:16,(anonymous_2)
FN:24,(anonymous_3)
FN:28,(anonymous_4)
FN:32,(anonymous_5)
FN:38,(anonymous_6)
FNF:7
FNH:6
FNDA:1610,(anonymous_0)
FNDA:1288,(anonymous_1)
FNDA:74,(anonymous_2)
FNDA:805,(anonymous_3)
FNDA:1127,(anonymous_4)
FNDA:1127,(anonymous_5)
FNDA:0,(anonymous_6)
DA:5,161
DA:7,161
DA:10,1610
DA:15,1288
DA:16,74
DA:25,805
DA:29,1127
DA:33,1127
LF:8
LH:8
BRF:0
BRH:0
end_of_record
TN:
SF:src/util/array-utils.ts
FN:3,(anonymous_0)
FN:7,(anonymous_1)
FN:11,(anonymous_2)
FN:15,(anonymous_3)
FN:19,(anonymous_4)
FNF:5
FNH:4
FNDA:9504,(anonymous_0)
FNDA:16264,(anonymous_1)
FNDA:8696,(anonymous_2)
FNDA:6,(anonymous_3)
FNDA:0,(anonymous_4)
DA:1,162
DA:4,9504
DA:8,16264
DA:12,8696
DA:16,6
DA:20,0
DA:21,0
DA:22,0
DA:23,0
DA:25,0
LF:10
LH:5
BRDA:12,0,0,4830
BRDA:12,0,1,3866
BRDA:12,1,0,8696
BRDA:12,1,1,8696
BRDA:22,2,0,0
BRDA:22,2,1,0
BRF:6
BRH:4
end_of_record
TN:
SF:src/util/child-process-utils.ts
FN:5,(anonymous_0)
FN:6,(anonymous_1)
FN:8,(anonymous_2)
FN:18,(anonymous_3)
FNF:4
FNH:0
FNDA:0,(anonymous_0)
FNDA:0,(anonymous_1)
FNDA:0,(anonymous_2)
FNDA:0,(anonymous_3)
DA:1,161
DA:3,161
DA:6,0
DA:8,0
DA:9,0
DA:10,0
DA:12,0
DA:20,0
LF:8
LH:2
BRDA:5,0,0,0
BRDA:9,1,0,0
BRDA:9,1,1,0
BRDA:18,2,0,0
BRF:4
BRH:0
end_of_record
TN:
SF:src/util/config-saver.ts
FN:7,(anonymous_1)
FNF:1
FNH:0
FNDA:0,(anonymous_1)
DA:1,161
DA:2,161
DA:5,161
DA:8,0
LF:4
LH:3
BRF:0
BRH:0
end_of_record
TN:
SF:src/util/file-system-utils.ts
FN:6,(anonymous_1)
FN:7,(anonymous_2)
FN:16,(anonymous_3)
FN:17,(anonymous_4)
FN:20,(anonymous_5)
FN:30,(anonymous_6)
FN:36,(anonymous_7)
FN:41,(anonymous_8)
FN:47,(anonymous_9)
FN:53,(anonymous_10)
FN:59,(anonymous_11)
FNF:11
FNH:8
FNDA:73,(anonymous_1)
FNDA:73,(anonymous_2)
FNDA:0,(anonymous_3)
FNDA:0,(anonymous_4)
FNDA:73,(anonymous_5)
FNDA:0,(anonymous_6)
FNDA:71,(anonymous_7)
FNDA:106,(anonymous_8)
FNDA:135,(anonymous_9)
FNDA:86,(anonymous_10)
FNDA:13,(anonymous_11)
DA:1,162
DA:2,162
DA:4,162
DA:7,73
DA:8,73
DA:9,73
DA:10,73
DA:12,0
DA:17,0
DA:21,73
DA:22,73
DA:23,73
DA:25,0
DA:26,0
DA:31,0
DA:32,0
DA:37,71
DA:38,71
DA:42,106
DA:43,106
DA:44,106
DA:48,135
DA:49,2
DA:54,86
DA:55,32
DA:60,13
DA:61,13
LF:27
LH:21
BRDA:9,0,0,73
BRDA:9,0,1,0
BRDA:31,1,0,0
BRDA:31,1,1,0
BRDA:41,2,0,100
BRDA:48,3,0,2
BRDA:48,3,1,133
BRDA:54,4,0,32
BRDA:54,4,1,54
BRDA:60,5,0,13
BRDA:60,5,1,0
BRF:11
BRH:7
end_of_record
TN:
SF:src/util/file-utils.ts
FN:3,(anonymous_0)
FNF:1
FNH:1
FNDA:177100,(anonymous_0)
DA:1,161
DA:4,177100
DA:5,177100
LF:3
LH:3
BRDA:5,0,0,177100
BRDA:5,0,1,174685
BRF:2
BRH:2
end_of_record
TN:
SF:src/util/logging-utils.ts
FN:6,(anonymous_1)
FNF:1
FNH:1
FNDA:13,(anonymous_1)
DA:1,161
DA:2,161
DA:4,161
DA:7,13
DA:8,0
DA:9,0
LF:6
LH:4
BRDA:7,0,0,0
BRDA:7,0,1,13
BRF:2
BRH:1
end_of_record
TN:
SF:src/util/node-utils.ts
FN:6,(anonymous_1)
FN:12,(anonymous_2)
FN:16,(anonymous_3)
FN:20,(anonymous_4)
FN:24,(anonymous_5)
FNF:5
FNH:5
FNDA:13,(anonymous_1)
FNDA:42,(anonymous_2)
FNDA:99,(anonymous_3)
FNDA:71,(anonymous_4)
FNDA:128,(anonymous_5)
DA:1,162
DA:2,162
DA:4,162
DA:7,13
DA:9,13
DA:13,42
DA:17,99
DA:21,71
DA:27,128
LF:9
LH:9
BRF:0
BRH:0
end_of_record
TN:
SF:src/util/path-utils.ts
FN:5,(anonymous_1)
FNF:1
FNH:1
FNDA:331,(anonymous_1)
DA:1,161
DA:3,161
DA:6,331
LF:3
LH:3
BRDA:6,0,0,0
BRDA:6,0,1,331
BRF:2
BRH:1
end_of_record
TN:
SF:src/util/positional-argument-utils.ts
FN:5,(anonymous_0)
FNF:1
FNH:1
FNDA:4134,(anonymous_0)
DA:3,161
DA:6,4134
LF:2
LH:2
BRDA:6,0,0,4134
BRDA:6,0,1,651
BRDA:6,0,2,651
BRF:3
BRH:3
end_of_record
TN:
SF:src/util/process-arguments-utils.ts
FN:5,(anonymous_0)
FN:6,(anonymous_1)
FN:9,(anonymous_2)
FNF:3
FNH:3
FNDA:32,(anonymous_0)
FNDA:144,(anonymous_1)
FNDA:144,(anonymous_2)
DA:1,161
DA:3,161
DA:6,144
DA:10,144
LF:4
LH:4
BRDA:10,0,0,2
BRDA:10,0,1,142
BRF:2
BRH:2
end_of_record
TN:
SF:src/util/shelljs-utils.ts
FN:5,(anonymous_1)
FNF:1
FNH:1
FNDA:1,(anonymous_1)
DA:1,161
DA:3,161
DA:6,1
DA:7,1
DA:8,1
DA:9,0
DA:11,1
LF:7
LH:6
BRDA:8,0,0,0
BRDA:8,0,1,1
BRDA:11,1,0,0
BRDA:11,1,1,1
BRDA:11,2,0,1
BRDA:11,2,1,1
BRF:6
BRH:4
end_of_record
TN:
SF:src/util/string-utils.ts
FN:3,(anonymous_0)
FN:7,(anonymous_1)
FN:11,(anonymous_2)
FN:15,(anonymous_3)
FN:19,(anonymous_4)
FNF:5
FNH:5
FNDA:22205,(anonymous_0)
FNDA:4428,(anonymous_1)
FNDA:29,(anonymous_2)
FNDA:512,(anonymous_3)
FNDA:2,(anonymous_4)
DA:1,163
DA:4,22205
DA:8,4428
DA:12,29
DA:16,512
DA:20,2
LF:6
LH:6
BRDA:8,0,0,4428
BRDA:8,0,1,4428
BRDA:8,0,2,4428
BRDA:16,1,0,29
BRDA:16,1,1,483
BRDA:16,2,0,512
BRDA:16,2,1,483
BRDA:16,2,2,483
BRF:8
BRH:8
end_of_record
TN:
SF:src/util/yargs-utils.ts
FN:8,(anonymous_0)
FN:12,(anonymous_1)
FN:13,(anonymous_2)
FNF:3
FNH:3
FNDA:280,(anonymous_0)
FNDA:4314,(anonymous_1)
FNDA:3765,(anonymous_2)
DA:2,161
DA:4,161
DA:6,161
DA:9,280
DA:13,4314
DA:14,3765
DA:15,3765
DA:16,3443
DA:18,322
DA:22,4314
LF:10
LH:10
BRDA:14,0,0,1416
BRDA:14,0,1,2349
BRDA:15,1,0,3443
BRDA:15,1,1,322
BRF:4
BRH:4
end_of_record
TN:
SF:src/validator/config-validator.ts
FN:5,(anonymous_0)
FN:10,(anonymous_1)
FN:13,(anonymous_2)
FNF:3
FNH:3
FNDA:2576,(anonymous_0)
FNDA:5152,(anonymous_1)
FNDA:6118,(anonymous_2)
DA:3,161
DA:6,2576
DA:7,2576
DA:13,6118
DA:14,0
LF:5
LH:4
BRDA:13,0,0,0
BRDA:13,0,1,5152
BRDA:13,1,0,322
BRDA:13,1,1,4830
BRDA:13,2,0,5152
BRDA:13,2,1,5152
BRF:6
BRH:5
end_of_record
TN:
SF:src/validator/duplicates-validator.ts
FN:5,(anonymous_0)
FNF:1
FNH:1
FNDA:9504,(anonymous_0)
DA:1,162
DA:3,162
DA:6,9504
DA:8,9504
DA:9,0
LF:5
LH:4
BRDA:8,0,0,0
BRDA:8,0,1,9504
BRF:2
BRH:1
end_of_record
TN:
SF:src/validator/enum-validator.ts
FN:5,(anonymous_0)
FNF:1
FNH:1
FNDA:16264,(anonymous_0)
DA:3,162
DA:6,16264
DA:7,3
LF:3
LH:3
BRDA:6,0,0,3
BRDA:6,0,1,16261
BRF:2
BRH:2
end_of_record
TN:
SF:src/validator/nca-command-validator.ts
FN:21,(anonymous_0)
FN:28,(anonymous_1)
FN:29,(anonymous_2)
FN:33,(anonymous_3)
FN:36,(anonymous_4)
FN:37,(anonymous_5)
FN:44,(anonymous_6)
FN:46,(anonymous_7)
FN:52,(anonymous_8)
FN:53,(anonymous_9)
FN:60,(anonymous_10)
FN:83,(anonymous_11)
FN:91,(anonymous_12)
FN:95,(anonymous_13)
FN:96,(anonymous_14)
FN:109,(anonymous_15)
FN:110,(anonymous_16)
FNF:17
FNH:15
FNDA:162,(anonymous_0)
FNDA:806,(anonymous_1)
FNDA:4348,(anonymous_2)
FNDA:4348,(anonymous_3)
FNDA:806,(anonymous_4)
FNDA:0,(anonymous_5)
FNDA:806,(anonymous_6)
FNDA:4348,(anonymous_7)
FNDA:806,(anonymous_8)
FNDA:0,(anonymous_9)
FNDA:4348,(anonymous_10)
FNDA:4348,(anonymous_11)
FNDA:644,(anonymous_12)
FNDA:1288,(anonymous_13)
FNDA:2576,(anonymous_14)
FNDA:4348,(anonymous_15)
FNDA:1,(anonymous_16)
DA:1,162
DA:3,162
DA:6,162
DA:7,162
DA:8,162
DA:9,162
DA:10,162
DA:11,162
DA:12,162
DA:19,162
DA:22,162
DA:29,4348
DA:30,806
DA:31,806
DA:33,4348
DA:37,806
DA:38,0
DA:41,806
DA:45,806
DA:46,4348
DA:47,806
DA:48,0
DA:53,806
DA:54,0
DA:57,806
DA:61,4348
DA:63,4348
DA:64,4348
DA:66,4348
DA:69,4348
DA:71,4348
DA:73,4347
DA:74,644
DA:76,644
DA:84,4348
DA:85,0
DA:94,644
DA:95,644
DA:96,1288
DA:97,2576
DA:100,644
DA:101,0
DA:110,4348
DA:111,1
DA:113,4348
DA:114,4348
LF:46
LH:41
BRDA:47,0,0,0
BRDA:47,0,1,806
BRDA:73,1,0,644
BRDA:73,1,1,3703
BRDA:84,2,0,0
BRDA:84,2,1,4348
BRDA:84,3,0,4348
BRDA:84,3,1,0
BRDA:84,4,0,0
BRDA:84,4,1,0
BRDA:84,5,0,0
BRDA:84,5,1,0
BRDA:94,6,0,644
BRDA:94,6,1,0
BRDA:94,7,0,644
BRDA:94,7,1,644
BRDA:100,8,0,0
BRDA:100,8,1,644
BRDA:113,9,0,3704
BRDA:113,9,1,644
BRDA:113,10,0,4348
BRDA:113,10,1,4348
BRF:22
BRH:13
end_of_record
TN:
SF:src/validator/option-param-validator.ts
FN:9,(anonymous_0)
FN:18,(anonymous_1)
FN:19,(anonymous_2)
FN:23,(anonymous_3)
FN:24,(anonymous_4)
FN:28,(anonymous_5)
FN:29,(anonymous_6)
FN:35,(anonymous_7)
FN:36,(anonymous_8)
FN:37,(anonymous_9)
FN:44,(anonymous_10)
FN:45,(anonymous_11)
FN:50,(anonymous_12)
FN:51,(anonymous_13)
FNF:14
FNH:12
FNDA:4349,(anonymous_0)
FNDA:4349,(anonymous_1)
FNDA:5797,(anonymous_2)
FNDA:4349,(anonymous_3)
FNDA:5797,(anonymous_4)
FNDA:8698,(anonymous_5)
FNDA:0,(anonymous_6)
FNDA:4349,(anonymous_7)
FNDA:5797,(anonymous_8)
FNDA:0,(anonymous_9)
FNDA:4349,(anonymous_10)
FNDA:1,(anonymous_11)
FNDA:5797,(anonymous_12)
FNDA:1,(anonymous_13)
DA:2,162
DA:3,162
DA:4,162
DA:5,162
DA:7,162
DA:10,4349
DA:11,4349
DA:12,4349
DA:13,4349
DA:14,4349
DA:19,5797
DA:20,4349
DA:24,5797
DA:25,4349
DA:29,8698
DA:30,0
DA:36,5797
DA:37,4349
DA:38,0
DA:41,4349
DA:45,4349
DA:46,1
DA:50,4349
DA:51,5797
LF:24
LH:22
BRDA:10,0,0,4349
BRDA:10,0,1,0
BRDA:24,1,0,161
BRDA:24,1,1,5636
BRDA:24,2,0,5797
BRDA:24,2,1,5797
BRF:6
BRH:5
end_of_record
TN:
SF:src/validator/positional-argument-validator.ts
FN:9,(anonymous_0)
FN:18,(anonymous_1)
FN:22,(anonymous_2)
FN:28,(anonymous_3)
FN:32,(anonymous_4)
FN:40,(anonymous_5)
FN:44,(anonymous_6)
FN:45,(anonymous_7)
FN:55,(anonymous_8)
FN:56,(anonymous_9)
FN:59,(anonymous_10)
FN:62,(anonymous_11)
FN:67,(anonymous_12)
FN:69,(anonymous_13)
FNF:14
FNH:12
FNDA:4349,(anonymous_0)
FNDA:4349,(anonymous_1)
FNDA:0,(anonymous_2)
FNDA:4349,(anonymous_3)
FNDA:0,(anonymous_4)
FNDA:4349,(anonymous_5)
FNDA:6119,(anonymous_6)
FNDA:2254,(anonymous_7)
FNDA:8698,(anonymous_8)
FNDA:12238,(anonymous_9)
FNDA:4349,(anonymous_10)
FNDA:1,(anonymous_11)
FNDA:6119,(anonymous_12)
FNDA:1,(anonymous_13)
DA:2,162
DA:3,162
DA:4,162
DA:5,162
DA:7,162
DA:10,4349
DA:11,4349
DA:12,4349
DA:13,4349
DA:14,4349
DA:21,4349
DA:22,4349
DA:23,0
DA:31,4349
DA:32,4349
DA:33,0
DA:37,4349
DA:43,4349
DA:44,6119
DA:45,2254
DA:47,4349
DA:48,0
DA:56,12238
DA:62,4349
DA:63,1
DA:67,4349
DA:68,6119
DA:69,1
LF:28
LH:25
BRDA:10,0,0,4349
BRDA:10,0,1,0
BRDA:47,1,0,0
BRDA:47,1,1,4349
BRF:4
BRH:2
end_of_record
TN:
SF:src/validator/white-space-validator.ts
FN:5,(anonymous_0)
FN:6,(anonymous_1)
FNF:2
FNH:2
FNDA:13853,(anonymous_0)
FNDA:22061,(anonymous_1)
DA:1,162
DA:3,162
DA:6,22061
DA:7,13853
DA:8,0
LF:5
LH:4
BRDA:7,0,0,0
BRDA:7,0,1,13853
BRF:2
BRH:1
end_of_record
TN:
SF:test/integration/command-handler/alias/test-values.ts
FN:5,(anonymous_0)
FNF:1
FNH:1
FNDA:2,(anonymous_0)
DA:3,1
DA:6,2
LF:2
LH:2
BRF:0
BRH:0
end_of_record
TN:
SF:test/integration/command-handler/alias/creation/alias-creation.test.ts
FN:5,(anonymous_6)
FN:7,(anonymous_7)
FN:8,(anonymous_8)
FNF:3
FNH:3
FNDA:1,(anonymous_6)
FNDA:13,(anonymous_7)
FNDA:13,(anonymous_8)
DA:1,1
DA:2,1
DA:3,1
DA:5,1
DA:7,1
DA:8,13
DA:9,13
LF:7
LH:7
BRF:0
BRH:0
end_of_record
TN:
SF:test/integration/command-handler/alias/rename/alias-rename.test.ts
FN:5,(anonymous_6)
FN:7,(anonymous_7)
FN:8,(anonymous_8)
FNF:3
FNH:3
FNDA:1,(anonymous_6)
FNDA:13,(anonymous_7)
FNDA:13,(anonymous_8)
DA:1,1
DA:2,1
DA:3,1
DA:5,1
DA:7,1
DA:8,13
DA:9,13
LF:7
LH:7
BRF:0
BRH:0
end_of_record
TN:
SF:test/integration/command-handler/function/hello-world/hello-world.test.ts
FN:6,(anonymous_6)
FN:9,(anonymous_7)
FN:12,(anonymous_8)
FNF:3
FNH:3
FNDA:1,(anonymous_6)
FNDA:1,(anonymous_7)
FNDA:1,(anonymous_8)
DA:1,1
DA:2,1
DA:3,1
DA:4,1
DA:6,1
DA:9,1
DA:10,1
DA:11,1
DA:13,1
DA:16,1
LF:10
LH:10
BRF:0
BRH:0
end_of_record
TN:
SF:test/integration/command-handler/function/hierarchy/hierarchy.test.ts
FN:6,(anonymous_6)
FN:8,(anonymous_7)
FN:26,(anonymous_8)
FN:32,(anonymous_9)
FN:55,(anonymous_10)
FN:60,(anonymous_11)
FN:82,(anonymous_12)
FNF:7
FNH:7
FNDA:1,(anonymous_6)
FNDA:1,(anonymous_7)
FNDA:1,(anonymous_8)
FNDA:1,(anonymous_9)
FNDA:1,(anonymous_10)
FNDA:1,(anonymous_11)
FNDA:1,(anonymous_12)
DA:1,1
DA:2,1
DA:3,1
DA:4,1
DA:6,1
DA:8,1
DA:9,1
DA:17,1
DA:25,1
DA:26,1
DA:29,1
DA:32,1
DA:33,1
DA:44,1
DA:54,1
DA:55,1
DA:57,1
DA:60,1
DA:61,1
DA:71,1
DA:81,1
DA:82,1
DA:84,1
LF:23
LH:23
BRF:0
BRH:0
end_of_record
TN:
SF:test/integration/command-handler/function/iterator-helper/iterator-helper.test.ts
FN:6,(anonymous_6)
FN:9,(anonymous_7)
FN:13,(anonymous_8)
FNF:3
FNH:3
FNDA:1,(anonymous_6)
FNDA:1,(anonymous_7)
FNDA:1,(anonymous_8)
DA:1,1
DA:2,1
DA:3,1
DA:4,1
DA:6,1
DA:9,1
DA:10,1
DA:11,1
DA:12,1
DA:14,1
DA:17,1
LF:11
LH:11
BRF:0
BRH:0
end_of_record
TN:
SF:test/integration/command-handler/function/option/option.test.ts
FN:6,(anonymous_6)
FN:9,(anonymous_7)
FN:13,(anonymous_8)
FN:20,(anonymous_9)
FN:24,(anonymous_10)
FN:31,(anonymous_11)
FN:35,(anonymous_12)
FNF:7
FNH:7
FNDA:1,(anonymous_6)
FNDA:1,(anonymous_7)
FNDA:1,(anonymous_8)
FNDA:1,(anonymous_9)
FNDA:1,(anonymous_10)
FNDA:1,(anonymous_11)
FNDA:1,(anonymous_12)
DA:1,1
DA:2,1
DA:3,1
DA:4,1
DA:6,1
DA:9,1
DA:10,1
DA:11,1
DA:12,1
DA:14,1
DA:17,1
DA:20,1
DA:21,1
DA:22,1
DA:23,1
DA:25,1
DA:28,1
DA:31,1
DA:32,1
DA:33,1
DA:34,1
DA:36,1
DA:39,1
LF:23
LH:23
BRF:0
BRH:0
end_of_record
TN:
SF:test/integration/command-handler/function/positional/param.test.ts
FN:6,(anonymous_6)
FN:8,(anonymous_7)
FN:21,(anonymous_8)
FN:26,(anonymous_9)
FN:40,(anonymous_10)
FNF:5
FNH:5
FNDA:1,(anonymous_6)
FNDA:1,(anonymous_7)
FNDA:1,(anonymous_8)
FNDA:1,(anonymous_9)
FNDA:1,(anonymous_10)
DA:1,1
DA:2,1
DA:3,1
DA:4,1
DA:6,1
DA:8,1
DA:9,1
DA:15,1
DA:20,1
DA:21,1
DA:23,1
DA:26,1
DA:27,1
DA:32,1
DA:39,1
DA:40,1
DA:42,1
LF:17
LH:17
BRF:0
BRH:0
end_of_record
TN:
SF:test/integration/command-handler/function/shell-js/shell-js.test.ts
FN:7,(anonymous_6)
FN:10,(anonymous_7)
FN:14,(anonymous_8)
FNF:3
FNH:3
FNDA:1,(anonymous_6)
FNDA:1,(anonymous_7)
FNDA:1,(anonymous_8)
DA:1,1
DA:2,1
DA:3,1
DA:4,1
DA:5,1
DA:7,1
DA:10,1
DA:11,1
DA:12,1
DA:13,1
DA:15,1
DA:18,1
LF:12
LH:12
BRF:0
BRH:0
end_of_record
TN:
SF:test/integration/command-handler/module/complex/module-complex.js
FN:1,concatValues
FN:5,(anonymous_1)
FNF:2
FNH:2
FNDA:1,concatValues
FNDA:1,(anonymous_1)
DA:2,1
DA:5,1
DA:6,1
LF:3
LH:3
BRF:0
BRH:0
end_of_record
TN:
SF:test/integration/command-handler/module/complex/module-complex.test.ts
FN:6,(anonymous_6)
FN:9,(anonymous_7)
FN:17,(anonymous_8)
FNF:3
FNH:3
FNDA:1,(anonymous_6)
FNDA:1,(anonymous_7)
FNDA:1,(anonymous_8)
DA:1,1
DA:2,1
DA:3,1
DA:4,1
DA:6,1
DA:9,1
DA:10,1
DA:15,1
DA:16,1
DA:18,1
DA:21,1
LF:11
LH:11
BRF:0
BRH:0
end_of_record
TN:
SF:test/integration/command-handler/module/external-dependency/external-dependency.js
FN:1,(anonymous_0)
FN:3,(anonymous_1)
FNF:2
FNH:2
FNDA:1,(anonymous_0)
FNDA:4,(anonymous_1)
DA:1,1
DA:2,1
DA:3,4
LF:3
LH:3
BRF:0
BRH:0
end_of_record
TN:
SF:test/integration/command-handler/module/external-dependency/external-dependency.test.ts
FN:6,(anonymous_6)
FN:9,(anonymous_7)
FN:13,(anonymous_8)
FNF:3
FNH:3
FNDA:1,(anonymous_6)
FNDA:1,(anonymous_7)
FNDA:1,(anonymous_8)
DA:1,1
DA:2,1
DA:3,1
DA:4,1
DA:6,1
DA:9,1
DA:10,1
DA:11,1
DA:12,1
DA:14,1
DA:17,1
LF:11
LH:11
BRF:0
BRH:0
end_of_record
TN:
SF:test/integration/command-handler/module/hello-world/hello-world.test.ts
FN:7,(anonymous_6)
FN:10,(anonymous_7)
FN:13,(anonymous_8)
FNF:3
FNH:3
FNDA:1,(anonymous_6)
FNDA:1,(anonymous_7)
FNDA:1,(anonymous_8)
DA:1,1
DA:2,1
DA:3,1
DA:4,1
DA:5,1
DA:7,1
DA:10,1
DA:11,1
DA:12,1
DA:14,1
DA:17,1
LF:11
LH:11
BRDA:11,0,0,0
BRDA:11,0,1,1
BRF:2
BRH:1
end_of_record
TN:
SF:test/integration/command-handler/module/hello-world/module-hello.js
FN:1,(anonymous_0)
FNF:1
FNH:1
FNDA:1,(anonymous_0)
DA:1,1
DA:2,1
LF:2
LH:2
BRF:0
BRH:0
end_of_record
TN:
SF:test/integration/command-handler/module/iterator-helper/module-iterator-helper.js
FN:1,(anonymous_0)
FN:5,(anonymous_1)
FN:6,(anonymous_2)
FNF:3
FNH:3
FNDA:1,(anonymous_0)
FNDA:6,(anonymous_1)
FNDA:3,(anonymous_2)
DA:1,1
DA:2,1
DA:4,1
DA:5,6
DA:6,3
LF:5
LH:5
BRF:0
BRH:0
end_of_record
TN:
SF:test/integration/command-handler/module/iterator-helper/module-iterator-helper.test.ts
FN:6,(anonymous_6)
FN:9,(anonymous_7)
FN:13,(anonymous_8)
FNF:3
FNH:3
FNDA:1,(anonymous_6)
FNDA:1,(anonymous_7)
FNDA:1,(anonymous_8)
DA:1,1
DA:2,1
DA:3,1
DA:4,1
DA:6,1
DA:9,1
DA:10,1
DA:11,1
DA:12,1
DA:14,1
DA:18,1
LF:11
LH:11
BRF:0
BRH:0
end_of_record
TN:
SF:test/integration/command-handler/module/self-call/module-self-call.js
FN:1,(anonymous_0)
FNF:1
FNH:1
FNDA:1,(anonymous_0)
DA:1,1
DA:2,1
DA:3,1
LF:3
LH:3
BRF:0
BRH:0
end_of_record
TN:
SF:test/integration/command-handler/module/self-call/module-self-call.test.ts
FN:6,(anonymous_6)
FN:9,(anonymous_7)
FN:12,(anonymous_8)
FNF:3
FNH:3
FNDA:1,(anonymous_6)
FNDA:1,(anonymous_7)
FNDA:1,(anonymous_8)
DA:1,1
DA:2,1
DA:3,1
DA:4,1
DA:6,1
DA:9,1
DA:10,1
DA:11,1
DA:13,1
DA:16,1
LF:10
LH:10
BRF:0
BRH:0
end_of_record
TN:
SF:test/integration/command-handler/module/shelljs/module-shelljs.js
FN:1,(anonymous_0)
FNF:1
FNH:1
FNDA:1,(anonymous_0)
DA:1,1
DA:2,1
DA:5,1
LF:3
LH:3
BRF:0
BRH:0
end_of_record
TN:
SF:test/integration/command-handler/module/shelljs/module-shelljs.test.ts
FN:7,(anonymous_6)
FN:10,(anonymous_7)
FN:13,(anonymous_8)
FN:16,(anonymous_9)
FNF:4
FNH:4
FNDA:1,(anonymous_6)
FNDA:1,(anonymous_7)
FNDA:1,(anonymous_8)
FNDA:1,(anonymous_9)
DA:1,1
DA:2,1
DA:3,1
DA:4,1
DA:5,1
DA:7,1
DA:10,1
DA:11,1
DA:12,1
DA:14,1
DA:17,1
DA:21,1
LF:12
LH:12
BRF:0
BRH:0
end_of_record
TN:
SF:test/integration/command-handler/simple/hello-world/hello-world.test.ts
FN:7,(anonymous_6)
FN:9,(anonymous_7)
FN:11,(anonymous_8)
FNF:3
FNH:3
FNDA:1,(anonymous_6)
FNDA:1,(anonymous_7)
FNDA:1,(anonymous_8)
DA:1,1
DA:2,1
DA:3,1
DA:4,1
DA:5,1
DA:7,1
DA:9,1
DA:10,1
DA:12,1
DA:13,1
DA:16,1
LF:11
LH:11
BRDA:12,0,0,0
BRDA:12,0,1,1
BRF:2
BRH:1
end_of_record
TN:
SF:test/integration/completion/alias/alias-completion.test.ts
FN:6,(anonymous_6)
FN:31,(anonymous_7)
FN:32,(anonymous_8)
FNF:3
FNH:3
FNDA:1,(anonymous_6)
FNDA:3,(anonymous_7)
FNDA:3,(anonymous_8)
DA:1,1
DA:2,1
DA:3,1
DA:6,1
DA:8,1
DA:9,0
DA:10,0
DA:13,1
DA:31,1
DA:32,3
DA:33,3
LF:11
LH:9
BRDA:8,0,0,0
BRDA:8,0,1,1
BRF:2
BRH:1
end_of_record
TN:
SF:test/integration/completion/custom/completion-input.js
FN:1,(anonymous_0)
FNF:1
FNH:1
FNDA:2,(anonymous_0)
DA:1,2
DA:2,2
DA:3,1
DA:4,1
DA:5,1
DA:7,0
LF:6
LH:5
BRDA:2,0,0,1
BRDA:2,0,1,1
BRDA:4,1,0,1
BRDA:4,1,1,0
BRF:4
BRH:3
end_of_record
TN:
SF:test/integration/completion/custom/completion.js
FN:1,(anonymous_0)
FNF:1
FNH:1
FNDA:1,(anonymous_0)
DA:1,1
DA:2,1
LF:2
LH:2
BRF:0
BRH:0
end_of_record
TN:
SF:test/integration/completion/custom/completion.test.ts
FN:6,(anonymous_6)
FN:8,(anonymous_7)
FN:19,(anonymous_8)
FN:25,(anonymous_9)
FN:36,(anonymous_10)
FN:42,(anonymous_11)
FN:54,(anonymous_12)
FN:60,(anonymous_13)
FN:72,(anonymous_14)
FN:78,(anonymous_15)
FN:88,(anonymous_16)
FN:94,(anonymous_17)
FN:106,(anonymous_18)
FNF:13
FNH:13
FNDA:1,(anonymous_6)
FNDA:1,(anonymous_7)
FNDA:1,(anonymous_8)
FNDA:1,(anonymous_9)
FNDA:1,(anonymous_10)
FNDA:1,(anonymous_11)
FNDA:1,(anonymous_12)
FNDA:1,(anonymous_13)
FNDA:1,(anonymous_14)
FNDA:1,(anonymous_15)
FNDA:1,(anonymous_16)
FNDA:1,(anonymous_17)
FNDA:1,(anonymous_18)
DA:1,1
DA:2,1
DA:3,1
DA:4,1
DA:6,1
DA:8,1
DA:9,1
DA:13,1
DA:18,1
DA:19,1
DA:22,1
DA:25,1
DA:26,1
DA:30,1
DA:35,1
DA:36,1
DA:39,1
DA:42,1
DA:43,1
DA:48,1
DA:53,1
DA:54,1
DA:57,1
DA:60,1
DA:61,1
DA:66,1
DA:71,1
DA:72,1
DA:75,1
DA:78,1
DA:79,1
DA:83,1
DA:87,1
DA:88,1
DA:91,1
DA:94,1
DA:95,1
DA:99,1
DA:105,1
DA:106,1
DA:109,1
LF:41
LH:41
BRF:0
BRH:0
end_of_record
TN:
SF:test/integration/completion/default/completion.test.ts
FN:6,(anonymous_6)
FN:8,(anonymous_7)
FN:18,(anonymous_8)
FN:24,(anonymous_9)
FN:37,(anonymous_10)
FN:43,(anonymous_11)
FN:58,(anonymous_12)
FN:64,(anonymous_13)
FN:79,(anonymous_14)
FNF:9
FNH:9
FNDA:1,(anonymous_6)
FNDA:1,(anonymous_7)
FNDA:1,(anonymous_8)
FNDA:1,(anonymous_9)
FNDA:1,(anonymous_10)
FNDA:1,(anonymous_11)
FNDA:1,(anonymous_12)
FNDA:1,(anonymous_13)
FNDA:1,(anonymous_14)
DA:1,1
DA:2,1
DA:3,1
DA:4,1
DA:6,1
DA:8,1
DA:9,1
DA:13,1
DA:17,1
DA:18,1
DA:21,1
DA:24,1
DA:25,1
DA:30,1
DA:36,1
DA:37,1
DA:40,1
DA:43,1
DA:44,1
DA:50,1
DA:57,1
DA:58,1
DA:61,1
DA:64,1
DA:65,1
DA:71,1
DA:78,1
DA:79,1
DA:82,1
LF:29
LH:29
BRF:0
BRH:0
end_of_record
TN:
SF:test/unit/validator/nca-command-validator.test.ts
FN:6,(anonymous_0)
FN:8,(anonymous_1)
FN:17,(anonymous_2)
FNF:3
FNH:3
FNDA:1,(anonymous_0)
FNDA:1,(anonymous_1)
FNDA:1,(anonymous_2)
DA:1,1
DA:2,1
DA:3,1
DA:6,1
DA:8,1
DA:9,1
DA:17,1
LF:7
LH:7
BRF:0
BRH:0
end_of_record
TN:
SF:test/unit/validator/option-param-validator.test.ts
FN:6,(anonymous_0)
FN:8,(anonymous_1)
FN:17,(anonymous_2)
FNF:3
FNH:3
FNDA:1,(anonymous_0)
FNDA:1,(anonymous_1)
FNDA:1,(anonymous_2)
DA:1,1
DA:2,1
DA:3,1
DA:6,1
DA:8,1
DA:9,1
DA:17,1
LF:7
LH:7
BRF:0
BRH:0
end_of_record
TN:
SF:test/unit/validator/positional-argument-validator.test.ts
FN:6,(anonymous_0)
FN:8,(anonymous_1)
FN:17,(anonymous_2)
FNF:3
FNH:3
FNDA:1,(anonymous_0)
FNDA:1,(anonymous_1)
FNDA:1,(anonymous_2)
DA:1,1
DA:2,1
DA:3,1
DA:6,1
DA:8,1
DA:9,1
DA:17,1
LF:7
LH:7
BRF:0
BRH:0
end_of_record
TN:
SF:test/utils/test-utils.ts
FN:12,runNcaAndVerifyOutput
FN:20,(anonymous_2)
FN:24,(anonymous_3)
FN:28,(anonymous_4)
FN:42,createAliasAndVerifyOutput
FN:69,renameAliasAndVerifyOutput
FN:91,verifyNcaAliasCompletion
FN:121,setup
FN:129,cleanup
FN:140,removeNcaPrefixIfPresent
FN:153,runNcaCommand
FN:157,createAlias
FN:161,runCommandSync
FN:165,bufferToString
FN:169,throwErrorIfExitCodeNotZero
FN:175,appendToCompletionFile
FN:182,getCompletionFile
FNF:17
FNH:17
FNDA:28,runNcaAndVerifyOutput
FNDA:68,(anonymous_2)
FNDA:2,(anonymous_3)
FNDA:28,(anonymous_4)
FNDA:13,createAliasAndVerifyOutput
FNDA:13,renameAliasAndVerifyOutput
FNDA:3,verifyNcaAliasCompletion
FNDA:57,setup
FNDA:57,cleanup
FNDA:13,removeNcaPrefixIfPresent
FNDA:28,runNcaCommand
FNDA:29,createAlias
FNDA:103,runCommandSync
FNDA:70,bufferToString
FNDA:29,throwErrorIfExitCodeNotZero
FNDA:6,appendToCompletionFile
FNDA:63,getCompletionFile
DA:1,1
DA:2,1
DA:3,1
DA:4,1
DA:6,1
DA:7,1
DA:8,1
DA:9,1
DA:12,1
DA:13,28
DA:15,28
DA:17,28
DA:18,28
DA:20,28
DA:21,68
DA:24,28
DA:25,2
DA:28,28
DA:29,28
DA:30,28
DA:31,28
DA:32,28
DA:33,28
DA:35,0
DA:37,28
DA:42,1
DA:43,13
DA:44,13
DA:46,13
DA:48,13
DA:53,13
DA:57,13
DA:59,13
DA:60,13
DA:62,0
DA:63,0
DA:65,13
DA:69,1
DA:70,13
DA:71,13
DA:73,13
DA:75,13
DA:77,13
DA:79,13
DA:81,13
DA:82,13
DA:84,0
DA:85,0
DA:87,13
DA:91,1
DA:92,3
DA:93,3
DA:95,3
DA:97,3
DA:99,3
DA:101,3
DA:103,3
DA:105,3
DA:106,3
DA:110,3
DA:111,3
DA:112,3
DA:114,0
DA:115,0
DA:117,3
DA:122,57
DA:123,57
DA:125,57
DA:126,57
DA:130,57
DA:132,57
DA:133,29
DA:135,57
DA:137,57
DA:141,13
DA:142,13
DA:143,5
DA:145,13
DA:154,28
DA:158,29
DA:162,103
DA:166,70
DA:170,29
DA:171,0
DA:176,6
DA:177,6
DA:179,6
DA:183,63
LF:88
LH:80
BRDA:20,0,0,0
BRDA:20,0,1,28
BRDA:20,1,0,28
BRDA:20,1,1,28
BRDA:24,2,0,0
BRDA:24,2,1,28
BRDA:24,3,0,28
BRDA:24,3,1,28
BRDA:49,4,0,4
BRDA:49,4,1,9
BRDA:49,5,0,13
BRDA:49,5,1,13
BRDA:54,6,0,4
BRDA:54,6,1,9
BRDA:54,7,0,13
BRDA:54,7,1,13
BRDA:129,8,0,28
BRDA:132,9,0,29
BRDA:132,9,1,28
BRDA:142,10,0,5
BRDA:142,10,1,8
BRDA:170,11,0,0
BRDA:170,11,1,29
BRF:23
BRH:20
end_of_record
TN:
SF:test/utils/verify-output-builder.ts
FN:7,(anonymous_0)
FN:9,(anonymous_1)
FN:17,(anonymous_2)
FN:21,(anonymous_3)
FN:26,(anonymous_4)
FN:31,(anonymous_5)
FNF:6
FNH:6
FNDA:28,(anonymous_0)
FNDA:27,(anonymous_1)
FNDA:28,(anonymous_2)
FNDA:28,(anonymous_3)
FNDA:1,(anonymous_4)
FNDA:2,(anonymous_5)
DA:1,1
DA:3,1
DA:8,28
DA:9,28
DA:10,27
DA:11,0
DA:12,0
DA:18,28
DA:22,28
DA:23,28
DA:27,1
DA:28,1
DA:32,2
DA:33,2
LF:14
LH:12
BRDA:10,0,0,0
BRDA:10,0,1,27
BRF:2
BRH:1
end_of_record
TN:
SF:test/utils/verify-output-handle-utils.ts
FN:5,(anonymous_0)
FN:10,(anonymous_1)
FN:25,(anonymous_2)
FNF:3
FNH:3
FNDA:8,(anonymous_0)
FNDA:7,(anonymous_1)
FNDA:15,(anonymous_2)
DA:1,1
DA:3,1
DA:6,8
DA:7,8
DA:11,7
DA:12,7
DA:13,7
DA:14,0
DA:15,0
DA:17,7
DA:26,15
LF:11
LH:9
BRDA:10,0,0,7
BRDA:13,1,0,0
BRDA:13,1,1,7
BRF:3
BRH:2
end_of_record
TN:
SF:test/utils/verify-output.ts
FN:7,(anonymous_0)
FN:9,(anonymous_1)
FN:10,(anonymous_2)
FNF:3
FNH:1
FNDA:28,(anonymous_0)
FNDA:0,(anonymous_1)
FNDA:0,(anonymous_2)
DA:1,1
DA:8,28
DA:9,28
DA:10,28
DA:11,28
LF:5
LH:5
BRF:0
BRH:0
end_of_record
TN:
SF:test/utils/platform-values/platform.ts
FN:10,(anonymous_0)
FN:22,(anonymous_1)
FN:26,(anonymous_2)
FNF:3
FNH:3
FNDA:32,(anonymous_0)
FNDA:4,(anonymous_1)
FNDA:4,(anonymous_2)
DA:2,1
DA:3,1
DA:5,1
DA:7,1
DA:11,32
DA:12,1
DA:13,0
DA:15,1
DA:19,32
DA:23,4
DA:27,4
LF:11
LH:10
BRDA:11,0,0,1
BRDA:11,0,1,31
BRDA:12,1,0,0
BRDA:12,1,1,1
BRF:4
BRH:3
end_of_record
TN:
SF:test/utils/platform-values/unix-values.ts
FN:5,(anonymous_0)
FN:9,(anonymous_1)
FNF:2
FNH:2
FNDA:28,(anonymous_0)
FNDA:4,(anonymous_1)
DA:3,1
DA:6,28
DA:10,4
LF:3
LH:3
BRF:0
BRH:0
end_of_record
TN:
SF:test/utils/platform-values/windows-values.ts
FN:5,(anonymous_0)
FN:9,(anonymous_1)
FNF:2
FNH:0
FNDA:0,(anonymous_0)
FNDA:0,(anonymous_1)
DA:3,1
DA:6,0
DA:10,0
LF:3
LH:1
BRF:0
BRH:0
end_of_record
