TN:
SF:src/index.ts
FN:8,nca
FN:13,(anonymous_2)
FN:14,(anonymous_3)
FN:15,(anonymous_4)
FNF:4
FNH:4
FNDA:25,nca
FNDA:1125,(anonymous_2)
FNDA:400,(anonymous_3)
FNDA:400,(anonymous_4)
DA:1,25
DA:2,25
DA:3,25
DA:4,25
DA:5,25
DA:6,25
DA:9,25
DA:11,25
DA:13,1125
DA:14,400
DA:15,400
DA:17,25
DA:19,25
DA:21,25
DA:30,25
LF:15
LH:15
BRF:0
BRH:0
end_of_record
TN:
SF:src/command/command.ts
FN:11,(anonymous_0)
FN:15,(anonymous_1)
FN:16,(anonymous_2)
FN:24,(anonymous_3)
FN:29,(anonymous_4)
FN:34,(anonymous_5)
FN:38,(anonymous_6)
FN:42,(anonymous_7)
FN:48,(anonymous_8)
FNF:9
FNH:1
FNDA:25,(anonymous_0)
FNDA:0,(anonymous_1)
FNDA:0,(anonymous_2)
FNDA:0,(anonymous_3)
FNDA:0,(anonymous_4)
FNDA:0,(anonymous_5)
FNDA:0,(anonymous_6)
FNDA:0,(anonymous_7)
FNDA:0,(anonymous_8)
DA:2,25
DA:3,25
DA:7,25
DA:9,25
DA:12,25
DA:15,0
DA:16,0
DA:25,0
DA:27,0
DA:29,0
DA:31,0
DA:35,0
DA:39,0
DA:43,0
LF:14
LH:5
BRF:0
BRH:0
end_of_record
TN:
SF:src/command/config-command.ts
FN:6,(anonymous_0)
FN:10,(anonymous_1)
FN:14,(anonymous_2)
FNF:3
FNH:2
FNDA:25,(anonymous_0)
FNDA:25,(anonymous_1)
FNDA:0,(anonymous_2)
DA:1,25
DA:2,25
DA:4,25
DA:7,25
DA:11,25
DA:15,0
LF:6
LH:5
BRF:0
BRH:0
end_of_record
TN:
SF:src/command/handler/function-command-handler.ts
FN:11,(anonymous_0)
FN:16,(anonymous_1)
FN:20,(anonymous_2)
FNF:3
FNH:2
FNDA:10,(anonymous_0)
FNDA:0,(anonymous_1)
FNDA:10,(anonymous_2)
DA:1,25
DA:6,25
DA:12,10
DA:13,10
DA:17,0
DA:21,10
DA:26,10
LF:7
LH:6
BRF:0
BRH:0
end_of_record
TN:
SF:src/command/handler/module-command-handler.ts
FN:11,(anonymous_6)
FN:16,(anonymous_7)
FN:20,(anonymous_8)
FN:23,(anonymous_9)
FN:24,(anonymous_10)
FN:25,(anonymous_11)
FNF:6
FNH:5
FNDA:3,(anonymous_6)
FNDA:0,(anonymous_7)
FNDA:3,(anonymous_8)
FNDA:3,(anonymous_9)
FNDA:3,(anonymous_10)
FNDA:1,(anonymous_11)
DA:2,25
DA:6,25
DA:12,3
DA:13,3
DA:17,0
DA:23,3
DA:24,3
DA:26,1
DA:27,1
LF:9
LH:8
BRF:0
BRH:0
end_of_record
TN:
SF:src/command/handler/simple-command-handler.ts
FN:9,(anonymous_1)
FN:13,(anonymous_2)
FN:17,(anonymous_3)
FNF:3
FNH:2
FNDA:2,(anonymous_1)
FNDA:0,(anonymous_2)
FNDA:2,(anonymous_3)
DA:1,25
DA:3,25
DA:5,25
DA:10,2
DA:14,0
DA:18,2
LF:6
LH:5
BRF:0
BRH:0
end_of_record
TN:
SF:src/command/path/add-path-command.ts
FN:15,(anonymous_0)
FN:19,(anonymous_1)
FN:23,(anonymous_2)
FN:33,(anonymous_3)
FN:44,(anonymous_4)
FNF:5
FNH:0
FNDA:0,(anonymous_0)
FNDA:0,(anonymous_1)
FNDA:0,(anonymous_2)
FNDA:0,(anonymous_3)
FNDA:0,(anonymous_4)
DA:3,25
DA:5,25
DA:6,25
DA:7,25
DA:9,25
DA:10,25
DA:11,25
DA:13,25
DA:16,0
DA:20,0
DA:24,0
DA:30,0
DA:34,0
DA:41,0
DA:45,0
DA:46,0
DA:48,0
DA:50,0
DA:51,0
DA:53,0
DA:56,0
LF:21
LH:8
BRDA:50,0,0,0
BRDA:50,0,1,0
BRF:2
BRH:0
end_of_record
TN:
SF:src/command/path/delete-path-command.ts
FN:16,(anonymous_0)
FN:20,(anonymous_1)
FN:24,(anonymous_2)
FN:34,(anonymous_3)
FN:45,(anonymous_4)
FNF:5
FNH:0
FNDA:0,(anonymous_0)
FNDA:0,(anonymous_1)
FNDA:0,(anonymous_2)
FNDA:0,(anonymous_3)
FNDA:0,(anonymous_4)
DA:3,25
DA:5,25
DA:6,25
DA:7,25
DA:8,25
DA:10,25
DA:11,25
DA:12,25
DA:14,25
DA:17,0
DA:21,0
DA:25,0
DA:31,0
DA:35,0
DA:42,0
DA:46,0
DA:47,0
DA:49,0
DA:51,0
DA:52,0
LF:20
LH:9
BRDA:51,0,0,0
BRDA:51,0,1,0
BRDA:51,1,0,0
BRDA:51,1,1,0
BRF:4
BRH:0
end_of_record
TN:
SF:src/command/path/path-command.ts
FN:7,(anonymous_0)
FN:11,(anonymous_1)
FN:15,(anonymous_2)
FNF:3
FNH:0
FNDA:0,(anonymous_0)
FNDA:0,(anonymous_1)
FNDA:0,(anonymous_2)
DA:1,25
DA:2,25
DA:3,25
DA:5,25
DA:8,0
DA:12,0
DA:16,0
LF:7
LH:4
BRF:0
BRH:0
end_of_record
TN:
SF:src/config/nca-config.ts
FN:7,(anonymous_1)
FN:10,(anonymous_2)
FN:14,(anonymous_3)
FN:18,(anonymous_4)
FN:22,(anonymous_5)
FN:26,(anonymous_6)
FNF:6
FNH:3
FNDA:25,(anonymous_1)
FNDA:0,(anonymous_2)
FNDA:0,(anonymous_3)
FNDA:0,(anonymous_4)
FNDA:10,(anonymous_5)
FNDA:141,(anonymous_6)
DA:1,26
DA:2,26
DA:3,26
DA:5,26
DA:8,25
DA:9,25
DA:10,0
DA:15,0
DA:19,0
DA:23,10
DA:27,141
LF:11
LH:8
BRF:0
BRH:0
end_of_record
TN:
SF:src/extension/array-extensions.ts
FN:12,(anonymous_0)
FN:13,(anonymous_1)
FNF:2
FNH:2
FNDA:25,(anonymous_0)
FNDA:50,(anonymous_1)
DA:11,25
DA:12,25
DA:13,25
DA:14,50
DA:15,50
LF:5
LH:5
BRDA:11,0,0,25
BRDA:11,0,1,0
BRF:2
BRH:1
end_of_record
TN:
SF:src/mapper/alias-mapper.ts
FN:13,(anonymous_0)
FN:17,(anonymous_1)
FN:24,(anonymous_2)
FN:25,(anonymous_3)
FN:29,(anonymous_4)
FN:32,(anonymous_5)
FN:37,(anonymous_6)
FN:49,(anonymous_7)
FN:53,(anonymous_8)
FNF:9
FNH:9
FNDA:400,(anonymous_0)
FNDA:418,(anonymous_1)
FNDA:29,(anonymous_2)
FNDA:15,(anonymous_3)
FNDA:418,(anonymous_4)
FNDA:222,(anonymous_5)
FNDA:29,(anonymous_6)
FNDA:29,(anonymous_7)
FNDA:18,(anonymous_8)
DA:4,25
DA:5,25
DA:6,25
DA:7,25
DA:9,25
DA:11,25
DA:14,400
DA:20,418
DA:21,418
DA:24,29
DA:25,15
DA:32,418
DA:33,222
DA:40,29
DA:42,29
DA:44,29
DA:46,29
DA:52,29
DA:53,9
DA:54,18
LF:20
LH:20
BRDA:23,0,0,418
BRDA:23,0,1,0
BRDA:23,1,0,418
BRDA:23,1,1,418
BRDA:32,2,0,193
BRDA:32,2,1,225
BRDA:32,3,0,418
BRDA:32,3,1,418
BRDA:52,4,0,9
BRDA:52,4,1,20
BRF:10
BRH:9
end_of_record
TN:
SF:src/mapper/completion-loader.ts
FN:27,(anonymous_0)
FN:41,(anonymous_1)
FN:44,(anonymous_2)
FN:51,(anonymous_3)
FN:52,(anonymous_4)
FN:55,(anonymous_5)
FN:79,(anonymous_6)
FN:85,(anonymous_7)
FN:86,(anonymous_8)
FN:89,(anonymous_9)
FN:93,(anonymous_10)
FN:94,(anonymous_11)
FN:99,(anonymous_12)
FN:110,(anonymous_13)
FN:130,(anonymous_14)
FN:138,(anonymous_15)
FNF:16
FNH:15
FNDA:20,(anonymous_0)
FNDA:25,(anonymous_1)
FNDA:20,(anonymous_2)
FNDA:20,(anonymous_3)
FNDA:10,(anonymous_4)
FNDA:0,(anonymous_5)
FNDA:10,(anonymous_6)
FNDA:15,(anonymous_7)
FNDA:15,(anonymous_8)
FNDA:15,(anonymous_9)
FNDA:15,(anonymous_10)
FNDA:77,(anonymous_11)
FNDA:10,(anonymous_12)
FNDA:10,(anonymous_13)
FNDA:6,(anonymous_14)
FNDA:6,(anonymous_15)
DA:4,25
DA:5,25
DA:6,25
DA:7,25
DA:8,25
DA:19,25
DA:34,20
DA:35,20
DA:36,20
DA:37,20
DA:38,20
DA:42,25
DA:46,20
DA:52,20
DA:54,10
DA:55,0
DA:66,10
DA:68,10
DA:70,10
DA:74,10
DA:75,10
DA:80,10
DA:84,10
DA:85,15
DA:86,15
DA:89,15
DA:90,10
DA:94,77
DA:95,15
DA:96,15
DA:100,10
DA:101,7
DA:102,7
DA:106,3
DA:115,10
DA:116,10
DA:117,6
DA:120,6
DA:124,4
DA:127,10
DA:133,6
DA:140,6
DA:141,6
DA:142,3
DA:143,3
DA:145,3
LF:46
LH:45
BRDA:74,0,0,3
BRDA:74,0,1,7
BRDA:74,1,0,10
BRDA:74,1,1,7
BRDA:90,2,0,7
BRDA:90,2,1,3
BRDA:90,3,0,10
BRDA:90,3,1,10
BRDA:94,4,0,2
BRDA:94,4,1,13
BRDA:94,5,0,15
BRDA:94,5,1,15
BRDA:95,6,0,3
BRDA:95,6,1,12
BRDA:95,7,0,15
BRDA:95,7,1,15
BRDA:100,8,0,7
BRDA:100,8,1,3
BRDA:101,9,0,1
BRDA:101,9,1,6
BRDA:101,10,0,7
BRDA:101,10,1,7
BRDA:102,11,0,3
BRDA:102,11,1,4
BRDA:116,12,0,6
BRDA:116,12,1,4
BRDA:120,13,0,1
BRDA:120,13,1,5
BRDA:127,14,0,10
BRDA:127,14,1,0
BRDA:127,15,0,10
BRDA:127,15,1,10
BRDA:141,16,0,3
BRDA:141,16,1,3
BRF:34
BRH:33
end_of_record
TN:
SF:src/mapper/option-builder.ts
FN:7,(anonymous_0)
FN:9,(anonymous_1)
FN:15,(anonymous_2)
FNF:3
FNH:3
FNDA:29,(anonymous_0)
FNDA:32,(anonymous_1)
FNDA:32,(anonymous_2)
DA:5,25
DA:8,29
DA:9,17
DA:10,32
DA:16,32
LF:5
LH:5
BRDA:8,0,0,17
BRDA:8,0,1,12
BRF:2
BRH:2
end_of_record
TN:
SF:src/mapper/positional-argument-builder.ts
FN:9,(anonymous_0)
FN:11,(anonymous_1)
FN:17,(anonymous_2)
FNF:3
FNH:3
FNDA:29,(anonymous_0)
FNDA:39,(anonymous_1)
FNDA:39,(anonymous_2)
DA:3,25
DA:4,25
DA:7,25
DA:10,29
DA:11,29
DA:12,39
DA:20,39
LF:7
LH:7
BRDA:10,0,0,29
BRDA:10,0,1,0
BRF:2
BRH:1
end_of_record
TN:
SF:src/mapper/yargs-handler-builder.ts
FN:15,(anonymous_0)
FN:27,(anonymous_1)
FNF:2
FNH:2
FNDA:15,(anonymous_0)
FNDA:15,(anonymous_1)
DA:3,25
DA:4,25
DA:6,25
DA:7,25
DA:8,25
DA:9,25
DA:11,25
DA:13,25
DA:16,15
DA:17,15
DA:19,15
DA:20,15
DA:22,0
DA:31,15
DA:32,15
DA:34,15
DA:36,2
DA:38,10
DA:39,10
DA:42,3
DA:43,3
DA:44,3
DA:47,0
LF:23
LH:21
BRDA:16,0,0,15
BRDA:16,0,1,0
BRDA:19,1,0,15
BRDA:19,1,1,0
BRDA:31,2,0,13
BRDA:31,2,1,2
BRDA:31,3,0,15
BRDA:31,3,1,15
BRDA:32,4,0,15
BRDA:32,4,1,0
BRDA:32,5,0,15
BRDA:32,5,1,15
BRDA:34,6,0,2
BRDA:34,6,1,10
BRDA:34,6,2,3
BRDA:34,6,3,0
BRF:16
BRH:12
end_of_record
TN:
SF:src/model/api/command-type.ts
FN:1,(anonymous_0)
FNF:1
FNH:1
FNDA:26,(anonymous_0)
DA:1,26
DA:3,26
DA:5,26
DA:7,26
LF:4
LH:4
BRDA:1,0,0,26
BRDA:1,0,1,26
BRF:2
BRH:2
end_of_record
TN:
SF:src/model/api/option-param-type.ts
FN:1,(anonymous_0)
FNF:1
FNH:1
FNDA:26,(anonymous_0)
DA:1,26
DA:2,26
DA:3,26
DA:4,26
LF:4
LH:4
BRDA:1,0,0,26
BRDA:1,0,1,26
BRF:2
BRH:2
end_of_record
TN:
SF:src/model/api/positional-argument-type.ts
FN:3,(anonymous_0)
FN:24,(anonymous_1)
FN:25,isListType
FN:34,toYargsType
FN:53,compare
FNF:5
FNH:5
FNDA:26,(anonymous_0)
FNDA:26,(anonymous_1)
FNDA:1570,isListType
FNDA:39,toYargsType
FNDA:222,compare
DA:3,26
DA:5,26
DA:7,26
DA:9,26
DA:13,26
DA:17,26
DA:21,26
DA:24,26
DA:25,26
DA:26,1570
DA:27,1570
DA:34,26
DA:35,39
DA:38,2
DA:41,2
DA:44,35
DA:46,0
DA:53,26
DA:54,222
DA:55,18
DA:56,204
DA:57,143
DA:58,61
DA:59,36
DA:61,25
LF:25
LH:24
BRDA:3,0,0,26
BRDA:3,0,1,26
BRDA:27,1,0,1570
BRDA:27,1,1,1570
BRDA:27,1,2,1570
BRDA:35,2,0,2
BRDA:35,2,1,2
BRDA:35,2,2,2
BRDA:35,2,3,2
BRDA:35,2,4,20
BRDA:35,2,5,35
BRDA:35,2,6,0
BRDA:54,3,0,18
BRDA:54,3,1,204
BRDA:56,4,0,143
BRDA:56,4,1,61
BRDA:58,5,0,36
BRDA:58,5,1,25
BRDA:24,6,0,26
BRDA:24,6,1,0
BRF:20
BRH:18
end_of_record
TN:
SF:src/model/input/cli-utils.ts
FN:14,(anonymous_1)
FN:22,(anonymous_2)
FN:31,(anonymous_3)
FN:40,(anonymous_4)
FNF:4
FNH:2
FNDA:2,(anonymous_1)
FNDA:1,(anonymous_2)
FNDA:0,(anonymous_3)
FNDA:0,(anonymous_4)
DA:1,25
DA:2,25
DA:3,25
DA:9,25
DA:15,2
DA:23,1
DA:32,0
DA:41,0
LF:8
LH:6
BRF:0
BRH:0
end_of_record
TN:
SF:src/model/input/command-handler-input.ts
FN:12,(anonymous_0)
FN:20,(anonymous_1)
FN:27,(anonymous_2)
FNF:3
FNH:3
FNDA:13,(anonymous_0)
FNDA:33,(anonymous_1)
FNDA:3,(anonymous_2)
DA:2,25
DA:8,25
DA:13,13
DA:14,13
DA:21,33
DA:28,3
LF:6
LH:6
BRF:0
BRH:0
end_of_record
TN:
SF:src/model/input/completion-input.ts
FN:16,(anonymous_0)
FN:34,(anonymous_1)
FN:41,(anonymous_2)
FN:48,(anonymous_3)
FN:55,(anonymous_4)
FN:62,(anonymous_5)
FN:69,(anonymous_6)
FNF:7
FNH:4
FNDA:10,(anonymous_0)
FNDA:0,(anonymous_1)
FNDA:3,(anonymous_2)
FNDA:0,(anonymous_3)
FNDA:10,(anonymous_4)
FNDA:6,(anonymous_5)
FNDA:0,(anonymous_6)
DA:2,25
DA:8,25
DA:23,10
DA:24,10
DA:25,10
DA:26,10
DA:27,10
DA:28,10
DA:35,0
DA:42,3
DA:49,0
DA:56,10
DA:63,6
DA:70,0
LF:14
LH:11
BRDA:26,0,0,10
BRDA:26,0,1,0
BRDA:26,1,0,10
BRDA:26,1,1,10
BRF:4
BRH:3
end_of_record
TN:
SF:src/util/array-utils.ts
FN:3,(anonymous_0)
FN:7,(anonymous_1)
FN:11,(anonymous_2)
FN:15,(anonymous_3)
FN:19,(anonymous_4)
FNF:5
FNH:4
FNDA:1330,(anonymous_0)
FNDA:2428,(anonymous_1)
FNDA:1202,(anonymous_2)
FNDA:6,(anonymous_3)
FNDA:0,(anonymous_4)
DA:1,26
DA:4,1330
DA:8,2428
DA:12,1202
DA:16,6
DA:20,0
DA:21,0
DA:22,0
DA:23,0
DA:25,0
LF:10
LH:5
BRDA:12,0,0,725
BRDA:12,0,1,477
BRDA:12,1,0,1202
BRDA:12,1,1,1202
BRDA:22,2,0,0
BRDA:22,2,1,0
BRF:6
BRH:4
end_of_record
TN:
SF:src/util/child-process-utils.ts
FN:5,(anonymous_0)
FN:6,(anonymous_1)
FN:8,(anonymous_2)
FN:18,(anonymous_3)
FNF:4
FNH:0
FNDA:0,(anonymous_0)
FNDA:0,(anonymous_1)
FNDA:0,(anonymous_2)
FNDA:0,(anonymous_3)
DA:1,25
DA:3,25
DA:6,0
DA:8,0
DA:9,0
DA:10,0
DA:12,0
DA:20,0
LF:8
LH:2
BRDA:5,0,0,0
BRDA:9,1,0,0
BRDA:9,1,1,0
BRDA:18,2,0,0
BRF:4
BRH:0
end_of_record
TN:
SF:src/util/config-loader.ts
FN:15,(anonymous_1)
FN:19,(anonymous_2)
FN:26,(anonymous_3)
FN:32,(anonymous_4)
FN:35,(anonymous_5)
FN:36,(anonymous_6)
FN:38,(anonymous_7)
FN:39,(anonymous_8)
FN:40,(anonymous_9)
FN:41,(anonymous_10)
FN:44,(anonymous_11)
FN:52,(anonymous_12)
FN:58,(anonymous_13)
FN:59,(anonymous_14)
FN:60,(anonymous_15)
FN:61,(anonymous_16)
FN:62,(anonymous_17)
FN:63,(anonymous_18)
FN:70,(anonymous_19)
FN:75,(anonymous_20)
FN:84,(anonymous_21)
FNF:21
FNH:21
FNDA:25,(anonymous_1)
FNDA:325,(anonymous_2)
FNDA:75,(anonymous_3)
FNDA:50,(anonymous_4)
FNDA:27625,(anonymous_5)
FNDA:450,(anonymous_6)
FNDA:27625,(anonymous_7)
FNDA:27175,(anonymous_8)
FNDA:300,(anonymous_9)
FNDA:300,(anonymous_10)
FNDA:325,(anonymous_11)
FNDA:400,(anonymous_12)
FNDA:50,(anonymous_13)
FNDA:50,(anonymous_14)
FNDA:50,(anonymous_15)
FNDA:50,(anonymous_16)
FNDA:50,(anonymous_17)
FNDA:300,(anonymous_18)
FNDA:27175,(anonymous_19)
FNDA:325,(anonymous_20)
FNDA:325,(anonymous_21)
DA:1,25
DA:2,25
DA:3,25
DA:4,25
DA:7,25
DA:8,25
DA:9,25
DA:10,25
DA:11,25
DA:13,25
DA:16,25
DA:18,25
DA:19,325
DA:21,25
DA:23,25
DA:27,75
DA:33,50
DA:35,27625
DA:36,450
DA:38,27625
DA:39,27175
DA:40,300
DA:41,300
DA:45,325
DA:47,325
DA:48,325
DA:49,325
DA:51,325
DA:52,400
DA:54,325
DA:56,325
DA:57,25
DA:58,50
DA:59,50
DA:60,50
DA:61,50
DA:62,50
DA:63,300
DA:67,325
DA:71,27175
DA:72,27175
DA:76,325
DA:77,325
DA:79,0
DA:80,0
DA:85,325
DA:86,0
DA:89,325
DA:90,325
DA:91,325
DA:93,0
DA:94,0
LF:52
LH:47
BRDA:19,0,0,300
BRDA:19,0,1,25
BRDA:19,1,0,325
BRDA:19,1,1,325
BRDA:27,2,0,50
BRDA:27,2,1,25
BRDA:48,3,0,325
BRDA:48,3,1,0
BRDA:52,4,0,25
BRDA:52,4,1,300
BRDA:52,5,0,325
BRDA:52,5,1,325
BRDA:56,6,0,25
BRDA:56,6,1,300
BRDA:72,7,0,27175
BRDA:72,7,1,26875
BRDA:76,8,0,325
BRDA:76,8,1,0
BRDA:85,9,0,0
BRDA:85,9,1,325
BRDA:91,10,0,325
BRDA:91,10,1,0
BRDA:91,11,0,325
BRDA:91,11,1,325
BRF:24
BRH:20
end_of_record
TN:
SF:src/util/config-saver.ts
FN:7,(anonymous_1)
FNF:1
FNH:0
FNDA:0,(anonymous_1)
DA:1,25
DA:2,25
DA:5,25
DA:8,0
LF:4
LH:3
BRF:0
BRH:0
end_of_record
TN:
SF:src/util/logging-utils.ts
FN:6,(anonymous_1)
FNF:1
FNH:1
FNDA:10,(anonymous_1)
DA:1,25
DA:2,25
DA:4,25
DA:7,10
DA:8,0
DA:9,0
LF:6
LH:4
BRDA:7,0,0,0
BRDA:7,0,1,10
BRF:2
BRH:1
end_of_record
TN:
SF:src/util/path-utils.ts
FN:5,(anonymous_1)
FNF:1
FNH:1
FNDA:56,(anonymous_1)
DA:1,25
DA:3,25
DA:6,56
LF:3
LH:3
BRDA:6,0,0,0
BRDA:6,0,1,56
BRF:2
BRH:1
end_of_record
TN:
SF:src/util/positional-argument-utils.ts
FN:5,(anonymous_0)
FNF:1
FNH:1
FNDA:418,(anonymous_0)
DA:3,25
DA:6,418
LF:2
LH:2
BRDA:6,0,0,418
BRDA:6,0,1,107
BRDA:6,0,2,107
BRF:3
BRH:3
end_of_record
TN:
SF:src/util/shelljs-utils.ts
FN:5,(anonymous_1)
FNF:1
FNH:1
FNDA:1,(anonymous_1)
DA:1,25
DA:3,25
DA:6,1
DA:7,1
DA:8,1
DA:9,0
DA:11,1
LF:7
LH:6
BRDA:8,0,0,0
BRDA:8,0,1,1
BRDA:11,1,0,0
BRDA:11,1,1,1
BRDA:11,2,0,1
BRDA:11,2,1,1
BRF:6
BRH:4
end_of_record
TN:
SF:src/util/string-utils.ts
FN:3,(anonymous_0)
FN:7,(anonymous_1)
FN:11,(anonymous_2)
FNF:3
FNH:3
FNDA:3329,(anonymous_0)
FNDA:616,(anonymous_1)
FNDA:25,(anonymous_2)
DA:1,26
DA:4,3329
DA:8,616
DA:12,25
LF:4
LH:4
BRDA:8,0,0,616
BRDA:8,0,1,616
BRDA:8,0,2,616
BRDA:12,1,0,0
BRDA:12,1,1,25
BRDA:12,2,0,25
BRDA:12,2,1,25
BRDA:12,2,2,25
BRF:8
BRH:7
end_of_record
TN:
SF:src/util/yargs-utils.ts
FN:8,(anonymous_0)
FN:12,(anonymous_1)
FN:13,(anonymous_2)
FNF:3
FNH:3
FNDA:29,(anonymous_0)
FNDA:418,(anonymous_1)
FNDA:379,(anonymous_2)
DA:2,25
DA:4,25
DA:6,25
DA:9,29
DA:13,418
DA:14,379
DA:15,379
DA:16,329
DA:18,50
DA:22,418
LF:10
LH:10
BRDA:14,0,0,143
BRDA:14,0,1,236
BRDA:15,1,0,329
BRDA:15,1,1,50
BRF:4
BRH:4
end_of_record
TN:
SF:src/validator/alias-validator.ts
FN:21,(anonymous_0)
FN:28,(anonymous_1)
FN:29,(anonymous_2)
FN:33,(anonymous_3)
FN:36,(anonymous_4)
FN:37,(anonymous_5)
FN:44,(anonymous_6)
FN:46,(anonymous_7)
FN:52,(anonymous_8)
FN:53,(anonymous_9)
FN:60,(anonymous_10)
FN:83,(anonymous_11)
FN:91,(anonymous_12)
FN:95,(anonymous_13)
FN:96,(anonymous_14)
FN:109,(anonymous_15)
FN:110,(anonymous_16)
FNF:17
FNH:15
FNDA:26,(anonymous_0)
FNDA:126,(anonymous_1)
FNDA:601,(anonymous_2)
FNDA:601,(anonymous_3)
FNDA:126,(anonymous_4)
FNDA:0,(anonymous_5)
FNDA:126,(anonymous_6)
FNDA:601,(anonymous_7)
FNDA:126,(anonymous_8)
FNDA:0,(anonymous_9)
FNDA:601,(anonymous_10)
FNDA:601,(anonymous_11)
FNDA:100,(anonymous_12)
FNDA:200,(anonymous_13)
FNDA:400,(anonymous_14)
FNDA:601,(anonymous_15)
FNDA:1,(anonymous_16)
DA:1,26
DA:3,26
DA:6,26
DA:7,26
DA:8,26
DA:9,26
DA:10,26
DA:11,26
DA:12,26
DA:19,26
DA:22,26
DA:29,601
DA:30,126
DA:31,126
DA:33,601
DA:37,126
DA:38,0
DA:41,126
DA:45,126
DA:46,601
DA:47,126
DA:48,0
DA:53,126
DA:54,0
DA:57,126
DA:61,601
DA:63,601
DA:64,601
DA:66,601
DA:69,601
DA:71,601
DA:73,600
DA:74,100
DA:76,100
DA:84,601
DA:85,0
DA:94,100
DA:95,100
DA:96,200
DA:97,400
DA:100,100
DA:101,0
DA:110,601
DA:111,1
DA:113,601
DA:114,601
LF:46
LH:41
BRDA:47,0,0,0
BRDA:47,0,1,126
BRDA:73,1,0,100
BRDA:73,1,1,500
BRDA:84,2,0,0
BRDA:84,2,1,601
BRDA:84,3,0,601
BRDA:84,3,1,0
BRDA:84,4,0,0
BRDA:84,4,1,0
BRDA:84,5,0,0
BRDA:84,5,1,0
BRDA:94,6,0,100
BRDA:94,6,1,0
BRDA:94,7,0,100
BRDA:94,7,1,100
BRDA:100,8,0,0
BRDA:100,8,1,100
BRDA:113,9,0,501
BRDA:113,9,1,100
BRDA:113,10,0,601
BRDA:113,10,1,601
BRF:22
BRH:13
end_of_record
TN:
SF:src/validator/config-validator.ts
FN:5,(anonymous_0)
FN:10,(anonymous_1)
FN:11,(anonymous_2)
FNF:3
FNH:3
FNDA:325,(anonymous_0)
FNDA:650,(anonymous_1)
FNDA:800,(anonymous_2)
DA:3,25
DA:6,325
DA:7,325
DA:11,800
DA:12,0
LF:5
LH:4
BRDA:11,0,0,0
BRDA:11,0,1,650
BRDA:11,1,0,50
BRDA:11,1,1,600
BRDA:11,2,0,650
BRDA:11,2,1,650
BRF:6
BRH:5
end_of_record
TN:
SF:src/validator/duplicates-validator.ts
FN:5,(anonymous_0)
FNF:1
FNH:1
FNDA:1330,(anonymous_0)
DA:1,26
DA:3,26
DA:6,1330
DA:8,1330
DA:9,0
LF:5
LH:4
BRDA:8,0,0,0
BRDA:8,0,1,1330
BRF:2
BRH:1
end_of_record
TN:
SF:src/validator/enum-validator.ts
FN:5,(anonymous_0)
FNF:1
FNH:1
FNDA:2428,(anonymous_0)
DA:3,26
DA:6,2428
DA:7,3
LF:3
LH:3
BRDA:6,0,0,3
BRDA:6,0,1,2425
BRF:2
BRH:2
end_of_record
TN:
SF:src/validator/option-param-validator.ts
FN:9,(anonymous_0)
FN:18,(anonymous_1)
FN:19,(anonymous_2)
FN:20,(anonymous_3)
FN:25,(anonymous_4)
FN:26,(anonymous_5)
FN:27,(anonymous_6)
FN:32,(anonymous_7)
FN:33,(anonymous_8)
FN:34,(anonymous_9)
FN:40,(anonymous_10)
FN:41,(anonymous_11)
FN:46,(anonymous_12)
FN:47,(anonymous_13)
FNF:14
FNH:11
FNDA:602,(anonymous_0)
FNDA:602,(anonymous_1)
FNDA:901,(anonymous_2)
FNDA:0,(anonymous_3)
FNDA:602,(anonymous_4)
FNDA:901,(anonymous_5)
FNDA:0,(anonymous_6)
FNDA:602,(anonymous_7)
FNDA:901,(anonymous_8)
FNDA:0,(anonymous_9)
FNDA:602,(anonymous_10)
FNDA:1,(anonymous_11)
FNDA:901,(anonymous_12)
FNDA:1,(anonymous_13)
DA:2,26
DA:3,26
DA:4,26
DA:5,26
DA:7,26
DA:10,602
DA:11,602
DA:12,602
DA:13,602
DA:14,602
DA:19,901
DA:20,602
DA:21,0
DA:26,901
DA:27,602
DA:28,0
DA:33,901
DA:34,602
DA:35,0
DA:37,602
DA:41,602
DA:42,1
DA:46,602
DA:47,901
LF:24
LH:21
BRDA:10,0,0,602
BRDA:10,0,1,0
BRDA:26,1,0,25
BRDA:26,1,1,876
BRDA:26,2,0,901
BRDA:26,2,1,901
BRF:6
BRH:5
end_of_record
TN:
SF:src/validator/positional-argument-validator.ts
FN:9,(anonymous_0)
FN:18,(anonymous_1)
FN:20,(anonymous_2)
FN:26,(anonymous_3)
FN:28,(anonymous_4)
FN:36,(anonymous_5)
FN:40,(anonymous_6)
FN:41,(anonymous_7)
FN:51,(anonymous_8)
FN:52,(anonymous_9)
FN:55,(anonymous_10)
FN:58,(anonymous_11)
FN:63,(anonymous_12)
FN:65,(anonymous_13)
FNF:14
FNH:12
FNDA:602,(anonymous_0)
FNDA:602,(anonymous_1)
FNDA:0,(anonymous_2)
FNDA:602,(anonymous_3)
FNDA:0,(anonymous_4)
FNDA:602,(anonymous_5)
FNDA:926,(anonymous_6)
FNDA:325,(anonymous_7)
FNDA:1204,(anonymous_8)
FNDA:1852,(anonymous_9)
FNDA:602,(anonymous_10)
FNDA:1,(anonymous_11)
FNDA:926,(anonymous_12)
FNDA:1,(anonymous_13)
DA:2,26
DA:3,26
DA:4,26
DA:5,26
DA:7,26
DA:10,602
DA:11,602
DA:12,602
DA:13,602
DA:14,602
DA:19,602
DA:20,602
DA:21,0
DA:27,602
DA:28,602
DA:29,0
DA:33,602
DA:39,602
DA:40,926
DA:41,325
DA:43,602
DA:44,0
DA:52,1852
DA:58,602
DA:59,1
DA:63,602
DA:64,926
DA:65,1
LF:28
LH:25
BRDA:10,0,0,602
BRDA:10,0,1,0
BRDA:43,1,0,0
BRDA:43,1,1,602
BRF:4
BRH:2
end_of_record
TN:
SF:src/validator/white-space-validator.ts
FN:5,(anonymous_0)
FN:6,(anonymous_1)
FNF:2
FNH:2
FNDA:1932,(anonymous_0)
FNDA:3329,(anonymous_1)
DA:1,26
DA:3,26
DA:6,3329
DA:7,1932
DA:8,0
LF:5
LH:4
BRDA:7,0,0,0
BRDA:7,0,1,1932
BRF:2
BRH:1
end_of_record
TN:
SF:test/command-handler/function/alias-hierarchy/alias-hierarchy.test.ts
FN:7,(anonymous_6)
FN:9,(anonymous_7)
FN:27,(anonymous_8)
FN:33,(anonymous_9)
FN:56,(anonymous_10)
FN:61,(anonymous_11)
FN:83,(anonymous_12)
FNF:7
FNH:7
FNDA:1,(anonymous_6)
FNDA:1,(anonymous_7)
FNDA:1,(anonymous_8)
FNDA:1,(anonymous_9)
FNDA:1,(anonymous_10)
FNDA:1,(anonymous_11)
FNDA:1,(anonymous_12)
DA:1,1
DA:3,1
DA:4,1
DA:5,1
DA:7,1
DA:9,1
DA:10,1
DA:18,1
DA:26,1
DA:27,1
DA:30,1
DA:33,1
DA:34,1
DA:45,1
DA:55,1
DA:56,1
DA:58,1
DA:61,1
DA:62,1
DA:72,1
DA:82,1
DA:83,1
DA:85,1
LF:23
LH:23
BRF:0
BRH:0
end_of_record
TN:
SF:test/command-handler/function/hello-world/hello-world.test.ts
FN:6,(anonymous_6)
FN:9,(anonymous_7)
FN:12,(anonymous_8)
FNF:3
FNH:3
FNDA:1,(anonymous_6)
FNDA:1,(anonymous_7)
FNDA:1,(anonymous_8)
DA:1,1
DA:2,1
DA:3,1
DA:4,1
DA:6,1
DA:9,1
DA:10,1
DA:11,1
DA:13,1
DA:16,1
LF:10
LH:10
BRF:0
BRH:0
end_of_record
TN:
SF:test/command-handler/function/option/option.test.ts
FN:6,(anonymous_6)
FN:9,(anonymous_7)
FN:13,(anonymous_8)
FN:20,(anonymous_9)
FN:24,(anonymous_10)
FN:31,(anonymous_11)
FN:35,(anonymous_12)
FNF:7
FNH:7
FNDA:1,(anonymous_6)
FNDA:1,(anonymous_7)
FNDA:1,(anonymous_8)
FNDA:1,(anonymous_9)
FNDA:1,(anonymous_10)
FNDA:1,(anonymous_11)
FNDA:1,(anonymous_12)
DA:1,1
DA:2,1
DA:3,1
DA:4,1
DA:6,1
DA:9,1
DA:10,1
DA:11,1
DA:12,1
DA:14,1
DA:17,1
DA:20,1
DA:21,1
DA:22,1
DA:23,1
DA:25,1
DA:28,1
DA:31,1
DA:32,1
DA:33,1
DA:34,1
DA:36,1
DA:39,1
LF:23
LH:23
BRF:0
BRH:0
end_of_record
TN:
SF:test/command-handler/function/positional/param.test.ts
FN:7,(anonymous_6)
FN:9,(anonymous_7)
FN:22,(anonymous_8)
FN:27,(anonymous_9)
FN:41,(anonymous_10)
FNF:5
FNH:5
FNDA:1,(anonymous_6)
FNDA:1,(anonymous_7)
FNDA:1,(anonymous_8)
FNDA:1,(anonymous_9)
FNDA:1,(anonymous_10)
DA:1,1
DA:3,1
DA:4,1
DA:5,1
DA:7,1
DA:9,1
DA:10,1
DA:16,1
DA:21,1
DA:22,1
DA:24,1
DA:27,1
DA:28,1
DA:33,1
DA:40,1
DA:41,1
DA:43,1
LF:17
LH:17
BRF:0
BRH:0
end_of_record
TN:
SF:test/command-handler/function/shell-js/shell-js.test.ts
FN:6,(anonymous_6)
FN:9,(anonymous_7)
FN:13,(anonymous_8)
FNF:3
FNH:3
FNDA:1,(anonymous_6)
FNDA:1,(anonymous_7)
FNDA:1,(anonymous_8)
DA:1,1
DA:2,1
DA:3,1
DA:4,1
DA:6,1
DA:9,1
DA:10,1
DA:11,1
DA:12,1
DA:14,1
DA:17,1
LF:11
LH:11
BRF:0
BRH:0
end_of_record
TN:
SF:test/command-handler/module/complex/module-complex.js
FN:1,concatValues
FN:5,(anonymous_1)
FNF:2
FNH:2
FNDA:1,concatValues
FNDA:1,(anonymous_1)
DA:2,1
DA:5,1
DA:6,1
LF:3
LH:3
BRF:0
BRH:0
end_of_record
TN:
SF:test/command-handler/module/complex/module-complex.test.ts
FN:6,(anonymous_6)
FN:9,(anonymous_7)
FN:17,(anonymous_8)
FNF:3
FNH:3
FNDA:1,(anonymous_6)
FNDA:1,(anonymous_7)
FNDA:1,(anonymous_8)
DA:1,1
DA:2,1
DA:3,1
DA:4,1
DA:6,1
DA:9,1
DA:10,1
DA:15,1
DA:16,1
DA:18,1
DA:21,1
LF:11
LH:11
BRF:0
BRH:0
end_of_record
TN:
SF:test/command-handler/module/external-dependency/external-dependency.js
FN:1,(anonymous_0)
FN:3,(anonymous_1)
FNF:2
FNH:2
FNDA:1,(anonymous_0)
FNDA:4,(anonymous_1)
DA:1,1
DA:2,1
DA:3,4
LF:3
LH:3
BRF:0
BRH:0
end_of_record
TN:
SF:test/command-handler/module/external-dependency/external-dependency.test.ts
FN:6,(anonymous_6)
FN:9,(anonymous_7)
FN:13,(anonymous_8)
FNF:3
FNH:3
FNDA:1,(anonymous_6)
FNDA:1,(anonymous_7)
FNDA:1,(anonymous_8)
DA:1,1
DA:2,1
DA:3,1
DA:4,1
DA:6,1
DA:9,1
DA:10,1
DA:11,1
DA:12,1
DA:14,1
DA:17,1
LF:11
LH:11
BRF:0
BRH:0
end_of_record
TN:
SF:test/command-handler/module/hello-world/hello-world.test.ts
FN:6,(anonymous_6)
FN:9,(anonymous_7)
FN:12,(anonymous_8)
FNF:3
FNH:3
FNDA:1,(anonymous_6)
FNDA:1,(anonymous_7)
FNDA:1,(anonymous_8)
DA:1,1
DA:2,1
DA:3,1
DA:4,1
DA:6,1
DA:9,1
DA:10,1
DA:11,1
DA:13,1
DA:16,1
LF:10
LH:10
BRF:0
BRH:0
end_of_record
TN:
SF:test/command-handler/module/shelljs/module-shelljs.js
FN:1,(anonymous_0)
FNF:1
FNH:1
FNDA:1,(anonymous_0)
DA:1,1
DA:2,1
DA:5,1
LF:3
LH:3
BRF:0
BRH:0
end_of_record
TN:
SF:test/command-handler/module/shelljs/module-shelljs.test.ts
FN:6,(anonymous_6)
FN:9,(anonymous_7)
FN:12,(anonymous_8)
FN:15,(anonymous_9)
FNF:4
FNH:4
FNDA:1,(anonymous_6)
FNDA:1,(anonymous_7)
FNDA:1,(anonymous_8)
FNDA:1,(anonymous_9)
DA:1,1
DA:2,1
DA:3,1
DA:4,1
DA:6,1
DA:9,1
DA:10,1
DA:11,1
DA:13,1
DA:16,1
DA:20,1
LF:11
LH:11
BRF:0
BRH:0
end_of_record
TN:
SF:test/command-handler/simple/hello-world/hello-world.test.ts
FN:6,(anonymous_6)
FN:8,(anonymous_7)
FN:10,(anonymous_8)
FNF:3
FNH:3
FNDA:1,(anonymous_6)
FNDA:1,(anonymous_7)
FNDA:1,(anonymous_8)
DA:1,1
DA:2,1
DA:3,1
DA:4,1
DA:6,1
DA:8,1
DA:9,1
DA:11,1
DA:14,1
LF:9
LH:9
BRF:0
BRH:0
end_of_record
TN:
SF:test/completion/custom/completion-input.js
FN:1,(anonymous_0)
FNF:1
FNH:1
FNDA:2,(anonymous_0)
DA:1,2
DA:2,2
DA:3,1
DA:4,1
DA:5,1
DA:7,0
LF:6
LH:5
BRDA:2,0,0,1
BRDA:2,0,1,1
BRDA:4,1,0,1
BRDA:4,1,1,0
BRF:4
BRH:3
end_of_record
TN:
SF:test/completion/custom/completion.js
FN:1,(anonymous_0)
FNF:1
FNH:1
FNDA:1,(anonymous_0)
DA:1,1
DA:2,1
LF:2
LH:2
BRF:0
BRH:0
end_of_record
TN:
SF:test/completion/custom/completion.test.ts
FN:6,(anonymous_6)
FN:8,(anonymous_7)
FN:19,(anonymous_8)
FN:25,(anonymous_9)
FN:36,(anonymous_10)
FN:42,(anonymous_11)
FN:54,(anonymous_12)
FN:60,(anonymous_13)
FN:72,(anonymous_14)
FN:78,(anonymous_15)
FN:88,(anonymous_16)
FN:94,(anonymous_17)
FN:106,(anonymous_18)
FNF:13
FNH:13
FNDA:1,(anonymous_6)
FNDA:1,(anonymous_7)
FNDA:1,(anonymous_8)
FNDA:1,(anonymous_9)
FNDA:1,(anonymous_10)
FNDA:1,(anonymous_11)
FNDA:1,(anonymous_12)
FNDA:1,(anonymous_13)
FNDA:1,(anonymous_14)
FNDA:1,(anonymous_15)
FNDA:1,(anonymous_16)
FNDA:1,(anonymous_17)
FNDA:1,(anonymous_18)
DA:1,1
DA:2,1
DA:3,1
DA:4,1
DA:6,1
DA:8,1
DA:9,1
DA:13,1
DA:18,1
DA:19,1
DA:22,1
DA:25,1
DA:26,1
DA:30,1
DA:35,1
DA:36,1
DA:39,1
DA:42,1
DA:43,1
DA:48,1
DA:53,1
DA:54,1
DA:57,1
DA:60,1
DA:61,1
DA:66,1
DA:71,1
DA:72,1
DA:75,1
DA:78,1
DA:79,1
DA:83,1
DA:87,1
DA:88,1
DA:91,1
DA:94,1
DA:95,1
DA:99,1
DA:105,1
DA:106,1
DA:109,1
LF:41
LH:41
BRF:0
BRH:0
end_of_record
TN:
SF:test/completion/default/completion.test.ts
FN:6,(anonymous_6)
FN:8,(anonymous_7)
FN:18,(anonymous_8)
FN:24,(anonymous_9)
FN:37,(anonymous_10)
FN:43,(anonymous_11)
FN:58,(anonymous_12)
FN:64,(anonymous_13)
FN:79,(anonymous_14)
FNF:9
FNH:9
FNDA:1,(anonymous_6)
FNDA:1,(anonymous_7)
FNDA:1,(anonymous_8)
FNDA:1,(anonymous_9)
FNDA:1,(anonymous_10)
FNDA:1,(anonymous_11)
FNDA:1,(anonymous_12)
FNDA:1,(anonymous_13)
FNDA:1,(anonymous_14)
DA:1,1
DA:2,1
DA:3,1
DA:4,1
DA:6,1
DA:8,1
DA:9,1
DA:13,1
DA:17,1
DA:18,1
DA:21,1
DA:24,1
DA:25,1
DA:30,1
DA:36,1
DA:37,1
DA:40,1
DA:43,1
DA:44,1
DA:50,1
DA:57,1
DA:58,1
DA:61,1
DA:64,1
DA:65,1
DA:71,1
DA:78,1
DA:79,1
DA:82,1
LF:29
LH:29
BRF:0
BRH:0
end_of_record
TN:
SF:test/utils/test-utils.ts
FN:5,runNcaAndVerifyOutput
FN:11,(anonymous_1)
FN:15,(anonymous_2)
FN:19,(anonymous_3)
FN:36,runCommand
FN:41,bufferToString
FNF:6
FNH:6
FNDA:25,runNcaAndVerifyOutput
FNDA:59,(anonymous_1)
FNDA:2,(anonymous_2)
FNDA:25,(anonymous_3)
FNDA:25,runCommand
FNDA:61,bufferToString
DA:1,1
DA:2,1
DA:5,1
DA:6,25
DA:8,25
DA:9,25
DA:11,25
DA:12,59
DA:15,25
DA:16,2
DA:19,25
DA:20,25
DA:21,25
DA:22,25
DA:23,25
DA:24,25
DA:26,0
DA:37,25
DA:42,61
LF:19
LH:18
BRF:0
BRH:0
end_of_record
TN:
SF:test/utils/verify-output-builder.ts
FN:7,(anonymous_0)
FN:9,(anonymous_1)
FN:17,(anonymous_2)
FN:21,(anonymous_3)
FN:26,(anonymous_4)
FN:31,(anonymous_5)
FNF:6
FNH:6
FNDA:25,(anonymous_0)
FNDA:24,(anonymous_1)
FNDA:25,(anonymous_2)
FNDA:25,(anonymous_3)
FNDA:1,(anonymous_4)
FNDA:1,(anonymous_5)
DA:1,1
DA:3,1
DA:8,25
DA:9,25
DA:10,24
DA:11,0
DA:12,0
DA:18,25
DA:22,25
DA:23,25
DA:27,1
DA:28,1
DA:32,1
DA:33,1
LF:14
LH:12
BRDA:10,0,0,0
BRDA:10,0,1,24
BRF:2
BRH:1
end_of_record
TN:
SF:test/utils/verify-output-handle-utils.ts
FN:5,(anonymous_0)
FN:10,(anonymous_1)
FN:25,(anonymous_2)
FNF:3
FNH:3
FNDA:8,(anonymous_0)
FNDA:7,(anonymous_1)
FNDA:15,(anonymous_2)
DA:1,1
DA:3,1
DA:6,8
DA:7,8
DA:11,7
DA:12,7
DA:13,7
DA:14,0
DA:15,0
DA:17,7
DA:26,15
LF:11
LH:9
BRDA:10,0,0,7
BRDA:13,1,0,0
BRDA:13,1,1,7
BRF:3
BRH:2
end_of_record
TN:
SF:test/utils/verify-output.ts
FN:7,(anonymous_0)
FN:9,(anonymous_1)
FN:10,(anonymous_2)
FNF:3
FNH:1
FNDA:25,(anonymous_0)
FNDA:0,(anonymous_1)
FNDA:0,(anonymous_2)
DA:1,1
DA:8,25
DA:9,25
DA:10,25
DA:11,25
LF:5
LH:5
BRF:0
BRH:0
end_of_record
TN:
SF:test/validator/alias-validator.test.ts
FN:6,(anonymous_0)
FN:8,(anonymous_1)
FN:17,(anonymous_2)
FNF:3
FNH:3
FNDA:1,(anonymous_0)
FNDA:1,(anonymous_1)
FNDA:1,(anonymous_2)
DA:1,1
DA:2,1
DA:3,1
DA:6,1
DA:8,1
DA:9,1
DA:17,1
LF:7
LH:7
BRF:0
BRH:0
end_of_record
TN:
SF:test/validator/option-param-validator.test.ts
FN:6,(anonymous_0)
FN:8,(anonymous_1)
FN:17,(anonymous_2)
FNF:3
FNH:3
FNDA:1,(anonymous_0)
FNDA:1,(anonymous_1)
FNDA:1,(anonymous_2)
DA:1,1
DA:2,1
DA:3,1
DA:6,1
DA:8,1
DA:9,1
DA:17,1
LF:7
LH:7
BRF:0
BRH:0
end_of_record
TN:
SF:test/validator/positional-argument-validator.test.ts
FN:6,(anonymous_0)
FN:8,(anonymous_1)
FN:17,(anonymous_2)
FNF:3
FNH:3
FNDA:1,(anonymous_0)
FNDA:1,(anonymous_1)
FNDA:1,(anonymous_2)
DA:1,1
DA:2,1
DA:3,1
DA:6,1
DA:8,1
DA:9,1
DA:17,1
LF:7
LH:7
BRF:0
BRH:0
end_of_record
